NO LOG FILE! - setting up server logging...
[2022-04-19 23:27:20:364 INFO] Starting Server
[2022-04-19 23:27:20:365 INFO] Version 1.18.12.01
[2022-04-19 23:27:20:365 INFO] Session ID 09b862b6-b49b-4508-bb2b-0236563730a8
[2022-04-19 23:27:20:367 INFO] Level Name: Timothy's UCI Dorm
[2022-04-19 23:27:20:370 INFO] Game mode: 0 Survival
[2022-04-19 23:27:20:371 INFO] Difficulty: 2 NORMAL
[2022-04-19 23:27:20:676 INFO] opening worlds/Timothy's UCI Dorm/db
[2022-04-19 23:27:22:252 INFO] IPv4 supported, port: 25565
[2022-04-19 23:27:22:253 INFO] IPv6 supported, port: 25565
[2022-04-19 23:27:22:690 INFO] Server started.
[2022-04-19 23:27:22:750 INFO] IPv4 supported, port: 19132
[2022-04-19 23:27:22:752 INFO] IPv6 supported, port: 19133
NO LOG FILE! - setting up server logging...
[2022-04-20 18:00:51:546 INFO] Starting Server
[2022-04-20 18:00:51:546 INFO] Version 1.18.12.01
[2022-04-20 18:00:51:546 INFO] Session ID cf2fd841-9d4f-43bf-83a1-a06795236c5f
[2022-04-20 18:00:51:564 INFO] Level Name: Timothy's UCI Dorm
[2022-04-20 18:00:51:587 INFO] Game mode: 0 Survival
[2022-04-20 18:00:51:587 INFO] Difficulty: 2 NORMAL
[2022-04-20 18:00:52:442 INFO] opening worlds/Timothy's UCI Dorm/db
[2022-04-20 18:00:55:032 INFO] IPv4 supported, port: 25565
[2022-04-20 18:00:55:032 INFO] IPv6 supported, port: 25565
[2022-04-20 18:00:55:552 INFO] Server started.
[2022-04-20 18:00:55:612 INFO] IPv4 supported, port: 19132
[2022-04-20 18:00:55:613 INFO] IPv6 supported, port: 19133
NO LOG FILE! - setting up server logging...
[2022-04-21 17:10:35:808 INFO] Starting Server
[2022-04-21 17:10:35:808 INFO] Version 1.18.12.01
[2022-04-21 17:10:35:808 INFO] Session ID b14da722-2782-4782-8fbd-a43be72f4ed5
[2022-04-21 17:10:35:817 INFO] Level Name: Timothy's UCI Dorm
[2022-04-21 17:10:36:854 INFO] Game mode: 0 Survival
[2022-04-21 17:10:36:854 INFO] Difficulty: 2 NORMAL
[2022-04-21 17:10:41:859 INFO] opening worlds/Timothy's UCI Dorm/db
[2022-04-21 17:10:46:172 INFO] IPv4 supported, port: 25565
[2022-04-21 17:10:46:172 INFO] IPv6 supported, port: 25565
[2022-04-21 17:10:47:882 INFO] Server started.
[2022-04-21 17:10:47:944 INFO] IPv4 supported, port: 19132
[2022-04-21 17:10:47:944 INFO] IPv6 supported, port: 19133
NO LOG FILE! - setting up server logging...
[2022-04-21 18:00:59:996 INFO] Starting Server
[2022-04-21 18:00:59:996 INFO] Version 1.18.12.01
[2022-04-21 18:00:59:997 INFO] Session ID bcf7b9f5-153a-426e-8175-e713f5880566
[2022-04-21 18:00:59:014 INFO] Level Name: Timothy's UCI Dorm
[2022-04-21 18:00:59:066 INFO] Game mode: 0 Survival
[2022-04-21 18:00:59:066 INFO] Difficulty: 2 NORMAL
[2022-04-21 18:01:01:171 INFO] opening worlds/Timothy's UCI Dorm/db
[2022-04-21 18:01:11:645 INFO] IPv4 supported, port: 25565
[2022-04-21 18:01:11:646 INFO] IPv6 supported, port: 25565
[2022-04-21 18:01:12:252 INFO] Server started.
[2022-04-21 18:01:12:301 INFO] IPv4 supported, port: 19132
[2022-04-21 18:01:12:301 INFO] IPv6 supported, port: 19133
NO LOG FILE! - setting up server logging...
[2022-04-22 15:00:52:168 INFO] Starting Server
[2022-04-22 15:00:52:168 INFO] Version 1.18.12.01
[2022-04-22 15:00:52:169 INFO] Session ID 3d5356ed-79b5-40b9-bfd7-9d527fa5872f
[2022-04-22 15:00:52:255 INFO] Level Name: Timothy's UCI Dorm
[2022-04-22 15:00:52:607 INFO] Game mode: 0 Survival
[2022-04-22 15:00:52:607 INFO] Difficulty: 2 NORMAL
[2022-04-22 15:00:55:032 INFO] opening worlds/Timothy's UCI Dorm/db
[2022-04-22 15:00:59:881 INFO] IPv4 supported, port: 25565
[2022-04-22 15:00:59:882 INFO] IPv6 supported, port: 25565
[2022-04-22 15:00:59:369 INFO] Server started.
[2022-04-22 15:00:59:427 INFO] IPv4 supported, port: 19132
[2022-04-22 15:00:59:428 INFO] IPv6 supported, port: 19133
[2022-04-22 15:27:23:699 INFO] Player connected: almineaugustin, xuid: 2535439348415240
[2022-04-22 15:39:11:380 INFO] Running AutoCompaction...
[2022-04-22 15:46:24:756 INFO] Running AutoCompaction...
[2022-04-22 15:53:49:750 INFO] Running AutoCompaction...
[2022-04-22 16:01:55:949 INFO] Running AutoCompaction...
[2022-04-22 16:09:45:136 INFO] Running AutoCompaction...
[2022-04-22 16:16:18:975 INFO] Running AutoCompaction...
[2022-04-22 16:22:59:541 INFO] Running AutoCompaction...
[2022-04-22 16:31:49:958 INFO] Running AutoCompaction...
[2022-04-22 16:34:33:559 INFO] Player disconnected: almineaugustin, xuid: 2535439348415240
[2022-04-22 16:40:31:493 INFO] Running AutoCompaction...
[2022-04-22 16:46:31:526 INFO] Running AutoCompaction...
[2022-04-22 16:52:31:544 INFO] Running AutoCompaction...
[2022-04-22 16:58:31:548 INFO] Running AutoCompaction...
[2022-04-22 17:04:33:519 INFO] Running AutoCompaction...
[2022-04-22 17:10:33:534 INFO] Running AutoCompaction...
[2022-04-22 17:16:33:545 INFO] Running AutoCompaction...
[2022-04-22 17:22:33:557 INFO] Running AutoCompaction...
[2022-04-22 17:28:34:952 INFO] Running AutoCompaction...
[2022-04-22 17:34:34:961 INFO] Running AutoCompaction...
[2022-04-22 17:40:34:977 INFO] Running AutoCompaction...
[2022-04-22 17:46:34:985 INFO] Running AutoCompaction...
[2022-04-22 17:52:36:384 INFO] Running AutoCompaction...
[2022-04-22 17:58:27:300 INFO] Player connected: almineaugustin, xuid: 2535439348415240
[2022-04-22 17:58:36:396 INFO] Running AutoCompaction...
[2022-04-22 18:05:08:570 INFO] Running AutoCompaction...
[2022-04-22 18:11:20:545 INFO] Running AutoCompaction...
[2022-04-22 18:17:32:454 INFO] Running AutoCompaction...
[2022-04-22 18:23:40:453 INFO] Running AutoCompaction...
[2022-04-22 18:29:51:226 INFO] Running AutoCompaction...
[2022-04-22 18:36:28:927 INFO] Running AutoCompaction...
[2022-04-22 18:45:11:909 INFO] Running AutoCompaction...
[2022-04-22 18:51:17:958 INFO] Running AutoCompaction...
[2022-04-22 18:56:00:787 INFO] Player disconnected: almineaugustin, xuid: 2535439348415240
[2022-04-22 18:57:24:945 INFO] Running AutoCompaction...
[2022-04-22 19:03:24:964 INFO] Running AutoCompaction...
[2022-04-22 19:09:24:974 INFO] Running AutoCompaction...
[2022-04-22 19:15:24:986 INFO] Running AutoCompaction...
[2022-04-22 19:21:26:066 INFO] Running AutoCompaction...
[2022-04-22 19:27:26:082 INFO] Running AutoCompaction...
[2022-04-22 19:33:26:091 INFO] Running AutoCompaction...
[2022-04-22 19:36:40:938 INFO] Player connected: almineaugustin, xuid: 2535439348415240
[2022-04-22 19:37:44:651 INFO] Player disconnected: almineaugustin, xuid: 2535439348415240
[2022-04-22 19:39:26:096 INFO] Running AutoCompaction...
[2022-04-22 19:45:28:052 INFO] Running AutoCompaction...
[2022-04-22 19:51:28:068 INFO] Running AutoCompaction...
[2022-04-22 19:57:28:078 INFO] Running AutoCompaction...
[2022-04-22 20:03:28:089 INFO] Running AutoCompaction...
[2022-04-22 20:09:30:501 INFO] Running AutoCompaction...
[2022-04-22 20:15:30:505 INFO] Running AutoCompaction...
[2022-04-22 20:21:30:522 INFO] Running AutoCompaction...
[2022-04-22 20:27:30:539 INFO] Running AutoCompaction...
[2022-04-22 20:33:31:970 INFO] Running AutoCompaction...
[2022-04-22 20:39:31:985 INFO] Running AutoCompaction...
[2022-04-22 20:45:31:996 INFO] Running AutoCompaction...
[2022-04-22 20:51:31:009 INFO] Running AutoCompaction...
[2022-04-22 20:57:33:411 INFO] Running AutoCompaction...
NO LOG FILE! - setting up server logging...
[2022-04-23 15:00:58:445 INFO] Starting Server
[2022-04-23 15:00:58:445 INFO] Version 1.18.12.01
[2022-04-23 15:00:58:446 INFO] Session ID b9d80bcd-2794-416a-9c80-20709b8db5c5
[2022-04-23 15:00:58:492 INFO] Level Name: Timothy's UCI Dorm
[2022-04-23 15:00:58:630 INFO] Game mode: 0 Survival
[2022-04-23 15:00:58:630 INFO] Difficulty: 2 NORMAL
[2022-04-23 15:00:59:433 INFO] opening worlds/Timothy's UCI Dorm/db
[2022-04-23 15:01:02:271 INFO] IPv4 supported, port: 25565
[2022-04-23 15:01:02:271 INFO] IPv6 supported, port: 25565
[2022-04-23 15:01:02:763 INFO] Server started.
[2022-04-23 15:01:02:832 INFO] IPv4 supported, port: 19132
[2022-04-23 15:01:02:833 INFO] IPv6 supported, port: 19133
NO LOG FILE! - setting up server logging...
[2022-04-23 15:37:28:370 INFO] Starting Server
[2022-04-23 15:37:28:370 INFO] Version 1.18.30.04
[2022-04-23 15:37:28:371 INFO] Session ID d50e1c2d-14e2-48df-91f9-1c914469b063
[2022-04-23 15:37:28:372 INFO] Level Name: Timothy's UCI Dorm
[2022-04-23 15:37:28:375 INFO] Game mode: 2 Adventure
[2022-04-23 15:37:28:375 INFO] Difficulty: 2 NORMAL
[2022-04-23 15:37:28:631 INFO] Content logging enabled. Writing log to: ContentLog__Saturday__2022_April_23__15_37_28
[2022-04-23 15:37:28:631 INFO] opening worlds/Timothy's UCI Dorm/db
[2022-04-23 15:37:29:193 INFO] IPv4 supported, port: 25565
[2022-04-23 15:37:29:194 INFO] IPv6 supported, port: 25565
[2022-04-23 15:37:30:692 INFO] Server started.
[2022-04-23 15:37:30:761 INFO] IPv4 supported, port: 19132
[2022-04-23 15:37:30:761 INFO] IPv6 supported, port: 19133
[2022-04-23 15:59:38:304 INFO] Player connected: BobTD123, xuid: 2535416420269120
Opped: BobTD123
[2022-04-23 16:02:34:956 INFO] Player disconnected: BobTD123, xuid: 2535416420269120
[2022-04-23 16:03:18:931 INFO] Player connected: BobTD123, xuid: 2535416420269120
[2022-04-23 16:03:55:166 INFO] Player disconnected: BobTD123, xuid: 2535416420269120
[2022-04-23 16:04:11:806 INFO] Player connected: BobTD123, xuid: 2535416420269120
[2022-04-23 16:05:25:216 INFO] Player disconnected: BobTD123, xuid: 2535416420269120
[2022-04-23 16:11:21:771 INFO] Running AutoCompaction...
[2022-04-23 16:17:21:787 INFO] Running AutoCompaction...
[2022-04-23 16:23:21:790 INFO] Running AutoCompaction...
[2022-04-23 16:29:24:705 INFO] Running AutoCompaction...
[2022-04-23 16:35:24:714 INFO] Running AutoCompaction...
[2022-04-23 16:41:24:727 INFO] Running AutoCompaction...
[2022-04-23 16:47:24:743 INFO] Running AutoCompaction...
[2022-04-23 16:53:25:646 INFO] Running AutoCompaction...
[2022-04-23 16:59:25:656 INFO] Running AutoCompaction...
[2022-04-23 17:05:25:671 INFO] Running AutoCompaction...
[2022-04-23 17:11:25:675 INFO] Running AutoCompaction...
[2022-04-23 17:17:26:580 INFO] Running AutoCompaction...
[2022-04-23 17:23:26:585 INFO] Running AutoCompaction...
[2022-04-23 17:29:26:588 INFO] Running AutoCompaction...
[2022-04-23 17:35:26:602 INFO] Running AutoCompaction...
[2022-04-23 17:41:27:528 INFO] Running AutoCompaction...
[2022-04-23 17:47:27:536 INFO] Running AutoCompaction...
[2022-04-23 17:53:27:542 INFO] Running AutoCompaction...
[2022-04-23 17:59:27:555 INFO] Running AutoCompaction...
[2022-04-23 18:05:28:474 INFO] Running AutoCompaction...
[2022-04-23 18:11:28:484 INFO] Running AutoCompaction...
[2022-04-23 18:17:28:497 INFO] Running AutoCompaction...
[2022-04-23 18:23:28:501 INFO] Running AutoCompaction...
[2022-04-23 18:29:29:437 INFO] Running AutoCompaction...
[2022-04-23 18:35:29:445 INFO] Running AutoCompaction...
[2022-04-23 18:41:29:458 INFO] Running AutoCompaction...
[2022-04-23 18:47:29:476 INFO] Running AutoCompaction...
[2022-04-23 18:53:30:396 INFO] Running AutoCompaction...
[2022-04-23 18:59:30:405 INFO] Running AutoCompaction...
[2022-04-23 19:05:30:411 INFO] Running AutoCompaction...
[2022-04-23 19:11:30:428 INFO] Running AutoCompaction...
[2022-04-23 19:17:30:332 INFO] Running AutoCompaction...
[2022-04-23 19:23:30:348 INFO] Running AutoCompaction...
[2022-04-23 19:29:30:360 INFO] Running AutoCompaction...
[2022-04-23 19:35:31:375 INFO] Running AutoCompaction...
[2022-04-23 19:41:31:283 INFO] Running AutoCompaction...
[2022-04-23 19:47:31:289 INFO] Running AutoCompaction...
[2022-04-23 19:53:31:304 INFO] Running AutoCompaction...
[2022-04-23 19:59:31:309 INFO] Running AutoCompaction...
[2022-04-23 20:05:32:271 INFO] Running AutoCompaction...
[2022-04-23 20:11:32:288 INFO] Running AutoCompaction...
[2022-04-23 20:17:32:293 INFO] Running AutoCompaction...
[2022-04-23 20:23:32:304 INFO] Running AutoCompaction...
[2022-04-23 20:29:33:232 INFO] Running AutoCompaction...
[2022-04-23 20:35:33:244 INFO] Running AutoCompaction...
[2022-04-23 20:41:33:259 INFO] Running AutoCompaction...
[2022-04-23 20:47:33:274 INFO] Running AutoCompaction...
[2022-04-23 20:53:34:188 INFO] Running AutoCompaction...
[2022-04-23 20:59:34:195 INFO] Running AutoCompaction...
NO LOG FILE! - setting up server logging...
[2022-04-23 22:55:16:760 INFO] Starting Server
[2022-04-23 22:55:16:761 INFO] Version 1.18.30.04
[2022-04-23 22:55:16:761 INFO] Session ID 2406e707-b5f6-4333-b8cc-5b1da03fe665
[2022-04-23 22:55:16:800 INFO] Level Name: Timothy's UCI Dorm
[2022-04-23 22:55:17:993 INFO] Game mode: 2 Adventure
[2022-04-23 22:55:17:994 INFO] Difficulty: 2 NORMAL
[2022-04-23 22:55:19:257 INFO] Content logging enabled. Writing log to: ContentLog__Saturday__2022_April_23__22_55_19
[2022-04-23 22:55:19:264 INFO] opening worlds/Timothy's UCI Dorm/db
[2022-04-23 22:55:24:853 INFO] IPv4 supported, port: 25565
[2022-04-23 22:55:24:853 INFO] IPv6 supported, port: 25565
[2022-04-23 22:55:24:428 INFO] Server started.
[2022-04-23 22:55:24:486 INFO] IPv4 supported, port: 19132
[2022-04-23 22:55:24:486 INFO] IPv6 supported, port: 19133
NO LOG FILE! - setting up server logging...
[2022-04-24 15:00:49:367 INFO] Starting Server
[2022-04-24 15:00:49:367 INFO] Version 1.18.30.04
[2022-04-24 15:00:49:367 INFO] Session ID e0998bc6-ac1c-4346-8c8e-a7d187f591b6
[2022-04-24 15:00:49:373 INFO] Level Name: Timothy's UCI Dorm
[2022-04-24 15:00:49:412 INFO] Game mode: 2 Adventure
[2022-04-24 15:00:49:412 INFO] Difficulty: 2 NORMAL
[2022-04-24 15:00:50:164 INFO] Content logging enabled. Writing log to: ContentLog__Sunday__2022_April_24__15_00_50
[2022-04-24 15:00:50:172 INFO] opening worlds/Timothy's UCI Dorm/db
[2022-04-24 15:00:52:739 INFO] IPv4 supported, port: 25565
[2022-04-24 15:00:52:739 INFO] IPv6 supported, port: 25565
[2022-04-24 15:00:53:228 INFO] Server started.
[2022-04-24 15:00:53:286 INFO] IPv4 supported, port: 19132
[2022-04-24 15:00:53:286 INFO] IPv6 supported, port: 19133
[2022-04-24 20:12:25:594 INFO] Player connected: BobTD123, xuid: 2535416420269120
[2022-04-24 20:12:36:913 INFO] Player disconnected: BobTD123, xuid: 2535416420269120
[2022-04-24 20:20:19:909 INFO] Player connected: BobTD123, xuid: 2535416420269120
[2022-04-24 20:20:27:629 INFO] Player disconnected: BobTD123, xuid: 2535416420269120
NO LOG FILE! - setting up server logging...
[2022-04-25 18:00:48:125 INFO] Starting Server
[2022-04-25 18:00:48:126 INFO] Version 1.18.30.04
[2022-04-25 18:00:48:126 INFO] Session ID 1a6e33fe-e9b4-4e46-9de1-e6cad4aa562d
[2022-04-25 18:00:48:131 INFO] Level Name: Timothy's UCI Dorm
[2022-04-25 18:00:48:147 INFO] Game mode: 2 Adventure
[2022-04-25 18:00:48:148 INFO] Difficulty: 2 NORMAL
[2022-04-25 18:00:53:873 INFO] Content logging enabled. Writing log to: ContentLog__Monday__2022_April_25__18_00_53
[2022-04-25 18:00:53:880 INFO] opening worlds/Timothy's UCI Dorm/db
[2022-04-25 18:00:58:467 INFO] IPv4 supported, port: 25565
[2022-04-25 18:00:58:467 INFO] IPv6 supported, port: 25565
[2022-04-25 18:00:59:956 INFO] Server started.
[2022-04-25 18:00:59:018 INFO] IPv4 supported, port: 19132
[2022-04-25 18:00:59:018 INFO] IPv6 supported, port: 19133
[2022-04-25 18:04:16:618 INFO] Player connected: almineaugustin, xuid: 2535439348415240
[2022-04-25 18:06:59:294 INFO] Running AutoCompaction...
[2022-04-25 18:08:50:130 INFO] Player disconnected: almineaugustin, xuid: 2535439348415240
[2022-04-25 18:09:20:046 INFO] Player connected: almineaugustin, xuid: 2535439348415240
[2022-04-25 18:14:02:846 INFO] Running AutoCompaction...
[2022-04-25 18:17:42:781 INFO] Player disconnected: almineaugustin, xuid: 2535439348415240
[2022-04-25 18:21:03:213 INFO] Running AutoCompaction...
[2022-04-25 18:27:03:252 INFO] Running AutoCompaction...
[2022-04-25 18:30:44:541 INFO] Player connected: BobTD123, xuid: 2535416420269120
[2022-04-25 18:31:06:362 INFO] Player disconnected: BobTD123, xuid: 2535416420269120
[2022-04-25 18:33:45:114 INFO] Player connected: almineaugustin, xuid: 2535439348415240
[2022-04-25 18:35:31:821 INFO] Player connected: BobTD123, xuid: 2535416420269120
[2022-04-25 18:36:04:099 INFO] Player disconnected: BobTD123, xuid: 2535416420269120
[2022-04-25 18:36:48:253 INFO] Running AutoCompaction...
[2022-04-25 18:48:06:910 INFO] Running AutoCompaction...
[2022-04-25 18:54:52:392 INFO] Running AutoCompaction...
[2022-04-25 19:02:00:670 INFO] Running AutoCompaction...
[2022-04-25 19:08:51:764 INFO] Running AutoCompaction...
[2022-04-25 19:13:53:376 INFO] Player disconnected: almineaugustin, xuid: 2535439348415240
[2022-04-25 19:18:38:409 INFO] Running AutoCompaction...
[2022-04-25 19:24:38:444 INFO] Running AutoCompaction...
[2022-04-25 19:30:38:451 INFO] Running AutoCompaction...
[2022-04-25 19:36:38:456 INFO] Running AutoCompaction...
[2022-04-25 19:42:40:417 INFO] Running AutoCompaction...
[2022-04-25 19:48:40:433 INFO] Running AutoCompaction...
[2022-04-25 19:54:40:447 INFO] Running AutoCompaction...
[2022-04-25 20:00:40:451 INFO] Running AutoCompaction...
[2022-04-25 20:06:42:878 INFO] Running AutoCompaction...
[2022-04-25 20:12:42:894 INFO] Running AutoCompaction...
[2022-04-25 20:18:42:912 INFO] Running AutoCompaction...
[2022-04-25 20:24:42:919 INFO] Running AutoCompaction...
[2022-04-25 20:30:43:359 INFO] Running AutoCompaction...
[2022-04-25 20:36:43:367 INFO] Running AutoCompaction...
[2022-04-25 20:42:43:371 INFO] Running AutoCompaction...
[2022-04-25 20:48:43:376 INFO] Running AutoCompaction...
[2022-04-25 20:54:45:813 INFO] Running AutoCompaction...
NO LOG FILE! - setting up server logging...
[2022-04-26 18:00:49:600 INFO] Starting Server
[2022-04-26 18:00:49:600 INFO] Version 1.18.30.04
[2022-04-26 18:00:49:600 INFO] Session ID a4d129ec-e7b0-4a55-b92b-6110487d17cb
[2022-04-26 18:00:49:605 INFO] Level Name: Timothy's UCI Dorm
[2022-04-26 18:00:49:619 INFO] Game mode: 2 Adventure
[2022-04-26 18:00:49:620 INFO] Difficulty: 2 NORMAL
[2022-04-26 18:00:57:337 INFO] Content logging enabled. Writing log to: ContentLog__Tuesday__2022_April_26__18_00_57
[2022-04-26 18:00:57:417 INFO] opening worlds/Timothy's UCI Dorm/db
[2022-04-26 18:01:02:872 INFO] IPv4 supported, port: 25565
[2022-04-26 18:01:02:872 INFO] IPv6 supported, port: 25565
[2022-04-26 18:01:02:640 INFO] Server started.
[2022-04-26 18:01:02:711 INFO] IPv4 supported, port: 19132
[2022-04-26 18:01:02:711 INFO] IPv6 supported, port: 19133
NO LOG FILE! - setting up server logging...
[2022-04-27 18:01:01:114 INFO] Starting Server
[2022-04-27 18:01:01:114 INFO] Version 1.18.30.04
[2022-04-27 18:01:01:115 INFO] Session ID 69933eb6-c4c6-4e87-8fd1-3dc9a5e1a480
[2022-04-27 18:01:01:213 INFO] Level Name: Timothy's UCI Dorm
[2022-04-27 18:01:01:427 INFO] Game mode: 2 Adventure
[2022-04-27 18:01:01:427 INFO] Difficulty: 2 NORMAL
[2022-04-27 18:01:03:848 INFO] Content logging enabled. Writing log to: ContentLog__Wednesday__2022_April_27__18_01_03
[2022-04-27 18:01:03:854 INFO] opening worlds/Timothy's UCI Dorm/db
[2022-04-27 18:01:07:265 INFO] IPv4 supported, port: 25565
[2022-04-27 18:01:07:265 INFO] IPv6 supported, port: 25565
[2022-04-27 18:01:07:774 INFO] Server started.
[2022-04-27 18:01:08:844 INFO] IPv4 supported, port: 19132
[2022-04-27 18:01:08:844 INFO] IPv6 supported, port: 19133
[2022-04-27 19:03:02:838 INFO] Player connected: BobTD123, xuid: 2535416420269120
[2022-04-27 19:03:30:352 INFO] Player disconnected: BobTD123, xuid: 2535416420269120
NO LOG FILE! - setting up server logging...
[2022-04-28 18:00:56:728 INFO] Starting Server
[2022-04-28 18:00:56:728 INFO] Version 1.18.30.04
[2022-04-28 18:00:56:728 INFO] Session ID 92b75c9f-3d25-44d9-98fa-d3dcdfcf3c14
[2022-04-28 18:00:56:733 INFO] Level Name: Timothy's UCI Dorm
[2022-04-28 18:00:56:747 INFO] Game mode: 2 Adventure
[2022-04-28 18:00:56:747 INFO] Difficulty: 2 NORMAL
[2022-04-28 18:00:57:304 INFO] Content logging enabled. Writing log to: ContentLog__Thursday__2022_April_28__18_00_57
[2022-04-28 18:00:57:311 INFO] opening worlds/Timothy's UCI Dorm/db
[2022-04-28 18:01:01:644 INFO] IPv4 supported, port: 25565
[2022-04-28 18:01:01:644 INFO] IPv6 supported, port: 25565
[2022-04-28 18:01:02:197 INFO] Server started.
[2022-04-28 18:01:02:269 INFO] IPv4 supported, port: 19132
[2022-04-28 18:01:02:269 INFO] IPv6 supported, port: 19133
NO LOG FILE! - setting up server logging...
[2022-04-29 15:00:54:595 INFO] Starting Server
[2022-04-29 15:00:54:595 INFO] Version 1.18.30.04
[2022-04-29 15:00:54:595 INFO] Session ID 809e8781-47f2-4647-87da-6f5c2d830f36
[2022-04-29 15:00:55:861 INFO] Level Name: Timothy's UCI Dorm
[2022-04-29 15:00:55:165 INFO] Game mode: 2 Adventure
[2022-04-29 15:00:55:165 INFO] Difficulty: 2 NORMAL
[2022-04-29 15:00:56:356 INFO] Content logging enabled. Writing log to: ContentLog__Friday__2022_April_29__15_00_56
[2022-04-29 15:00:56:442 INFO] opening worlds/Timothy's UCI Dorm/db
[2022-04-29 15:01:02:895 INFO] IPv4 supported, port: 25565
[2022-04-29 15:01:02:896 INFO] IPv6 supported, port: 25565
[2022-04-29 15:01:02:796 INFO] Server started.
[2022-04-29 15:01:03:838 INFO] IPv4 supported, port: 19132
[2022-04-29 15:01:03:839 INFO] IPv6 supported, port: 19133
NO LOG FILE! - setting up server logging...
[2022-04-30 15:00:57:103 INFO] Starting Server
[2022-04-30 15:00:57:104 INFO] Version 1.18.30.04
[2022-04-30 15:00:57:104 INFO] Session ID 9f539d0e-1ca2-4cf1-b0f9-8524a0ba39cf
[2022-04-30 15:00:57:109 INFO] Level Name: Timothy's UCI Dorm
[2022-04-30 15:00:57:123 INFO] Game mode: 2 Adventure
[2022-04-30 15:00:57:124 INFO] Difficulty: 2 NORMAL
[2022-04-30 15:00:57:694 INFO] Content logging enabled. Writing log to: ContentLog__Saturday__2022_April_30__15_00_57
[2022-04-30 15:00:57:700 INFO] opening worlds/Timothy's UCI Dorm/db
[2022-04-30 15:01:02:960 INFO] IPv4 supported, port: 25565
[2022-04-30 15:01:02:961 INFO] IPv6 supported, port: 25565
[2022-04-30 15:01:02:480 INFO] Server started.
[2022-04-30 15:01:02:537 INFO] IPv4 supported, port: 19132
[2022-04-30 15:01:02:537 INFO] IPv6 supported, port: 19133
NO LOG FILE! - setting up server logging...
[2022-05-01 12:55:07:472 INFO] Starting Server
[2022-05-01 12:55:07:473 INFO] Version 1.18.30.04
[2022-05-01 12:55:07:473 INFO] Session ID 5302286f-e223-4b48-a2bb-c5deac41eabc
[2022-05-01 12:55:07:534 INFO] Level Name: Timothy's UCI Dorm
[2022-05-01 12:55:07:620 INFO] Game mode: 2 Adventure
[2022-05-01 12:55:07:620 INFO] Difficulty: 2 NORMAL
[2022-05-01 12:55:09:854 INFO] Content logging enabled. Writing log to: ContentLog__Sunday__2022_May_01__12_55_09
[2022-05-01 12:55:09:860 INFO] opening worlds/Timothy's UCI Dorm/db
[2022-05-01 12:55:12:829 INFO] IPv4 supported, port: 25565
[2022-05-01 12:55:12:830 INFO] IPv6 supported, port: 25565
[2022-05-01 12:55:13:343 INFO] Server started.
[2022-05-01 12:55:13:407 INFO] IPv4 supported, port: 19132
[2022-05-01 12:55:13:407 INFO] IPv6 supported, port: 19133
NO LOG FILE! - setting up server logging...
[2022-05-02 18:00:58:519 INFO] Starting Server
[2022-05-02 18:00:58:519 INFO] Version 1.18.30.04
[2022-05-02 18:00:58:519 INFO] Session ID 79575608-e8fe-4c3e-99f0-68e31bc28a4e
[2022-05-02 18:00:58:524 INFO] Level Name: Timothy's UCI Dorm
[2022-05-02 18:00:58:604 INFO] Game mode: 2 Adventure
[2022-05-02 18:00:58:604 INFO] Difficulty: 2 NORMAL
[2022-05-02 18:01:00:542 INFO] Content logging enabled. Writing log to: ContentLog__Monday__2022_May_02__18_01_00
[2022-05-02 18:01:00:549 INFO] opening worlds/Timothy's UCI Dorm/db
[2022-05-02 18:01:04:723 INFO] IPv4 supported, port: 25565
[2022-05-02 18:01:04:724 INFO] IPv6 supported, port: 25565
[2022-05-02 18:01:05:484 INFO] Server started.
[2022-05-02 18:01:05:529 INFO] IPv4 supported, port: 19132
[2022-05-02 18:01:05:529 INFO] IPv6 supported, port: 19133
NO LOG FILE! - setting up server logging...
[2022-05-03 18:00:53:221 INFO] Starting Server
[2022-05-03 18:00:53:222 INFO] Version 1.18.30.04
[2022-05-03 18:00:53:222 INFO] Session ID ebb6335e-55a9-4bb4-84fa-15f0a74856d5
[2022-05-03 18:00:53:229 INFO] Level Name: Timothy's UCI Dorm
[2022-05-03 18:00:53:395 INFO] Game mode: 2 Adventure
[2022-05-03 18:00:53:395 INFO] Difficulty: 2 NORMAL
[2022-05-03 18:00:55:599 INFO] Content logging enabled. Writing log to: ContentLog__Tuesday__2022_May_03__18_00_55
[2022-05-03 18:00:55:605 INFO] opening worlds/Timothy's UCI Dorm/db
[2022-05-03 18:00:59:220 INFO] IPv4 supported, port: 25565
[2022-05-03 18:00:59:221 INFO] IPv6 supported, port: 25565
[2022-05-03 18:00:59:781 INFO] Server started.
[2022-05-03 18:01:00:844 INFO] IPv4 supported, port: 19132
[2022-05-03 18:01:00:845 INFO] IPv6 supported, port: 19133
NO LOG FILE! - setting up server logging...
[2022-05-04 18:00:58:991 INFO] Starting Server
[2022-05-04 18:00:58:991 INFO] Version 1.18.30.04
[2022-05-04 18:00:58:991 INFO] Session ID 5d85c677-1af4-4e21-9c8a-13ee09d2dce3
[2022-05-04 18:00:58:998 INFO] Level Name: Timothy's UCI Dorm
[2022-05-04 18:00:58:016 INFO] Game mode: 2 Adventure
[2022-05-04 18:00:58:017 INFO] Difficulty: 2 NORMAL
[2022-05-04 18:00:59:758 INFO] Content logging enabled. Writing log to: ContentLog__Wednesday__2022_May_04__18_00_59
[2022-05-04 18:00:59:769 INFO] opening worlds/Timothy's UCI Dorm/db
[2022-05-04 18:01:04:374 INFO] IPv4 supported, port: 25565
[2022-05-04 18:01:04:374 INFO] IPv6 supported, port: 25565
[2022-05-04 18:01:05:999 INFO] Server started.
[2022-05-04 18:01:05:053 INFO] IPv4 supported, port: 19132
[2022-05-04 18:01:05:053 INFO] IPv6 supported, port: 19133
NO LOG FILE! - setting up server logging...
[2022-05-05 18:00:53:296 INFO] Starting Server
[2022-05-05 18:00:53:296 INFO] Version 1.18.30.04
[2022-05-05 18:00:53:297 INFO] Session ID aa7e0c58-a171-49b2-a2d2-9cd5222afaec
[2022-05-05 18:00:53:356 INFO] Level Name: Timothy's UCI Dorm
[2022-05-05 18:00:53:529 INFO] Game mode: 2 Adventure
[2022-05-05 18:00:53:530 INFO] Difficulty: 2 NORMAL
[2022-05-05 18:00:54:425 INFO] Content logging enabled. Writing log to: ContentLog__Thursday__2022_May_05__18_00_54
[2022-05-05 18:00:54:433 INFO] opening worlds/Timothy's UCI Dorm/db
[2022-05-05 18:00:59:827 INFO] IPv4 supported, port: 25565
[2022-05-05 18:00:59:827 INFO] IPv6 supported, port: 25565
[2022-05-05 18:01:00:404 INFO] Server started.
[2022-05-05 18:01:00:466 INFO] IPv4 supported, port: 19132
[2022-05-05 18:01:00:466 INFO] IPv6 supported, port: 19133
NO LOG FILE! - setting up server logging...
[2022-05-06 15:00:54:203 INFO] Starting Server
[2022-05-06 15:00:54:204 INFO] Version 1.18.30.04
[2022-05-06 15:00:54:204 INFO] Session ID b5cfca23-6cd7-4f60-81d0-110813fe109b
[2022-05-06 15:00:54:223 INFO] Level Name: Timothy's UCI Dorm
[2022-05-06 15:00:54:239 INFO] Game mode: 2 Adventure
[2022-05-06 15:00:54:239 INFO] Difficulty: 2 NORMAL
[2022-05-06 15:00:55:856 INFO] Content logging enabled. Writing log to: ContentLog__Friday__2022_May_06__15_00_55
[2022-05-06 15:00:55:863 INFO] opening worlds/Timothy's UCI Dorm/db
[2022-05-06 15:01:01:036 INFO] IPv4 supported, port: 25565
[2022-05-06 15:01:01:036 INFO] IPv6 supported, port: 25565
[2022-05-06 15:01:01:572 INFO] Server started.
[2022-05-06 15:01:01:618 INFO] IPv4 supported, port: 19132
[2022-05-06 15:01:01:618 INFO] IPv6 supported, port: 19133
NO LOG FILE! - setting up server logging...
[2022-05-07 15:00:55:293 INFO] Starting Server
[2022-05-07 15:00:55:294 INFO] Version 1.18.30.04
[2022-05-07 15:00:55:294 INFO] Session ID b406176a-405e-41c7-8bf4-e4e3788d2d9a
[2022-05-07 15:00:55:326 INFO] Level Name: Timothy's UCI Dorm
[2022-05-07 15:00:55:342 INFO] Game mode: 2 Adventure
[2022-05-07 15:00:55:342 INFO] Difficulty: 2 NORMAL
[2022-05-07 15:00:57:537 INFO] Content logging enabled. Writing log to: ContentLog__Saturday__2022_May_07__15_00_57
[2022-05-07 15:00:57:560 INFO] opening worlds/Timothy's UCI Dorm/db
[2022-05-07 15:01:01:655 INFO] IPv4 supported, port: 25565
[2022-05-07 15:01:01:656 INFO] IPv6 supported, port: 25565
[2022-05-07 15:01:02:386 INFO] Server started.
[2022-05-07 15:01:02:442 INFO] IPv4 supported, port: 19132
[2022-05-07 15:01:02:443 INFO] IPv6 supported, port: 19133
NO LOG FILE! - setting up server logging...
[2022-05-08 15:00:54:797 INFO] Starting Server
[2022-05-08 15:00:54:798 INFO] Version 1.18.30.04
[2022-05-08 15:00:54:798 INFO] Session ID af0bf786-1dc6-4fa9-a82c-0afe9afa7ff7
[2022-05-08 15:00:54:802 INFO] Level Name: Timothy's UCI Dorm
[2022-05-08 15:00:54:817 INFO] Game mode: 2 Adventure
[2022-05-08 15:00:54:817 INFO] Difficulty: 2 NORMAL
[2022-05-08 15:00:56:181 INFO] Content logging enabled. Writing log to: ContentLog__Sunday__2022_May_08__15_00_56
[2022-05-08 15:00:56:188 INFO] opening worlds/Timothy's UCI Dorm/db
[2022-05-08 15:01:01:037 INFO] IPv4 supported, port: 25565
[2022-05-08 15:01:01:038 INFO] IPv6 supported, port: 25565
[2022-05-08 15:01:01:555 INFO] Server started.
[2022-05-08 15:01:01:678 INFO] IPv4 supported, port: 19132
[2022-05-08 15:01:01:678 INFO] IPv6 supported, port: 19133
NO LOG FILE! - setting up server logging...
[2022-05-09 17:51:58:075 INFO] Starting Server
[2022-05-09 17:51:58:075 INFO] Version 1.18.30.04
[2022-05-09 17:51:58:076 INFO] Session ID a96e4522-de82-4926-9bb1-a024ecb73771
[2022-05-09 17:51:58:093 INFO] Level Name: Timothy's UCI Dorm
[2022-05-09 17:51:58:266 INFO] Game mode: 2 Adventure
[2022-05-09 17:51:58:266 INFO] Difficulty: 2 NORMAL
[2022-05-09 17:52:00:490 INFO] Content logging enabled. Writing log to: ContentLog__Monday__2022_May_09__17_52_00
[2022-05-09 17:52:00:497 INFO] opening worlds/Timothy's UCI Dorm/db
[2022-05-09 17:52:04:120 INFO] IPv4 supported, port: 25565
[2022-05-09 17:52:04:121 INFO] IPv6 supported, port: 25565
[2022-05-09 17:52:04:719 INFO] Server started.
[2022-05-09 17:52:04:781 INFO] IPv4 supported, port: 19132
[2022-05-09 17:52:04:781 INFO] IPv6 supported, port: 19133
[2022-05-09 17:58:57:585 INFO] Player connected: BobTD123, xuid: 2535416420269120
[2022-05-09 17:59:41:488 INFO] Player disconnected: BobTD123, xuid: 2535416420269120
[2022-05-09 18:00:54:795 INFO] Player connected: BobTD123, xuid: 2535416420269120
[2022-05-09 18:02:25:494 INFO] Player disconnected: BobTD123, xuid: 2535416420269120
[2022-05-09 18:05:01:370 INFO] Running AutoCompaction...
[2022-05-09 18:11:01:424 INFO] Running AutoCompaction...
[2022-05-09 18:17:01:429 INFO] Running AutoCompaction...
[2022-05-09 18:23:01:448 INFO] Running AutoCompaction...
[2022-05-09 18:29:03:521 INFO] Running AutoCompaction...
[2022-05-09 18:35:03:531 INFO] Running AutoCompaction...
[2022-05-09 18:41:03:549 INFO] Running AutoCompaction...
[2022-05-09 18:47:03:553 INFO] Running AutoCompaction...
[2022-05-09 18:53:04:087 INFO] Running AutoCompaction...
[2022-05-09 18:59:04:094 INFO] Running AutoCompaction...
[2022-05-09 19:05:04:101 INFO] Running AutoCompaction...
[2022-05-09 19:11:04:116 INFO] Running AutoCompaction...
[2022-05-09 19:17:06:688 INFO] Running AutoCompaction...
[2022-05-09 19:23:06:698 INFO] Running AutoCompaction...
[2022-05-09 19:29:06:713 INFO] Running AutoCompaction...
[2022-05-09 19:35:06:727 INFO] Running AutoCompaction...
[2022-05-09 19:41:08:301 INFO] Running AutoCompaction...
[2022-05-09 19:47:08:308 INFO] Running AutoCompaction...
[2022-05-09 19:53:08:325 INFO] Running AutoCompaction...
[2022-05-09 19:59:08:335 INFO] Running AutoCompaction...
[2022-05-09 20:05:09:912 INFO] Running AutoCompaction...
[2022-05-09 20:11:09:917 INFO] Running AutoCompaction...
[2022-05-09 20:17:09:921 INFO] Running AutoCompaction...
[2022-05-09 20:23:09:925 INFO] Running AutoCompaction...
[2022-05-09 20:29:11:508 INFO] Running AutoCompaction...
[2022-05-09 20:35:11:522 INFO] Running AutoCompaction...
[2022-05-09 20:41:11:533 INFO] Running AutoCompaction...
[2022-05-09 20:47:11:540 INFO] Running AutoCompaction...
[2022-05-09 20:53:12:121 INFO] Running AutoCompaction...
[2022-05-09 20:59:12:136 INFO] Running AutoCompaction...
NO LOG FILE! - setting up server logging...
[2022-05-09 22:18:55:217 INFO] Starting Server
[2022-05-09 22:18:55:217 INFO] Version 1.18.30.04
[2022-05-09 22:18:55:217 INFO] Session ID 420f6a5c-6d2b-4a6b-83cc-53934fe1b240
[2022-05-09 22:18:55:251 INFO] Level Name: Timothy's UCI Dorm
[2022-05-09 22:18:55:396 INFO] Game mode: 2 Adventure
[2022-05-09 22:18:55:396 INFO] Difficulty: 2 NORMAL
[2022-05-09 22:18:57:652 INFO] Content logging enabled. Writing log to: ContentLog__Monday__2022_May_09__22_18_57
[2022-05-09 22:18:57:658 INFO] opening worlds/Timothy's UCI Dorm/db
[2022-05-09 22:19:01:835 INFO] IPv4 supported, port: 25565
[2022-05-09 22:19:01:836 INFO] IPv6 supported, port: 25565
[2022-05-09 22:19:02:381 INFO] Server started.
[2022-05-09 22:19:02:426 INFO] IPv4 supported, port: 19132
[2022-05-09 22:19:02:426 INFO] IPv6 supported, port: 19133
NO LOG FILE! - setting up server logging...
[2022-05-10 18:00:53:765 INFO] Starting Server
[2022-05-10 18:00:53:766 INFO] Version 1.18.30.04
[2022-05-10 18:00:53:766 INFO] Session ID fdaa1b63-2614-4877-8e59-2ab2ec4581cf
[2022-05-10 18:00:53:776 INFO] Level Name: Timothy's UCI Dorm
[2022-05-10 18:00:53:813 INFO] Game mode: 2 Adventure
[2022-05-10 18:00:53:813 INFO] Difficulty: 2 NORMAL
[2022-05-10 18:00:54:687 INFO] Content logging enabled. Writing log to: ContentLog__Tuesday__2022_May_10__18_00_54
[2022-05-10 18:00:54:695 INFO] opening worlds/Timothy's UCI Dorm/db
[2022-05-10 18:00:58:754 INFO] IPv4 supported, port: 25565
[2022-05-10 18:00:58:755 INFO] IPv6 supported, port: 25565
[2022-05-10 18:00:59:399 INFO] Server started.
[2022-05-10 18:00:59:463 INFO] IPv4 supported, port: 19132
[2022-05-10 18:00:59:464 INFO] IPv6 supported, port: 19133
NO LOG FILE! - setting up server logging...
[2022-05-11 16:50:45:663 INFO] Starting Server
[2022-05-11 16:50:45:663 INFO] Version 1.18.30.04
[2022-05-11 16:50:45:664 INFO] Session ID 91094dcf-541f-4c27-b210-a0b986f0e4af
[2022-05-11 16:50:45:672 INFO] Level Name: Timothy's UCI Dorm
[2022-05-11 16:50:45:734 INFO] Game mode: 2 Adventure
[2022-05-11 16:50:45:735 INFO] Difficulty: 2 NORMAL
[2022-05-11 16:50:46:654 INFO] Content logging enabled. Writing log to: ContentLog__Wednesday__2022_May_11__16_50_46
[2022-05-11 16:50:46:660 INFO] opening worlds/Timothy's UCI Dorm/db
[2022-05-11 16:50:49:729 INFO] IPv4 supported, port: 25565
[2022-05-11 16:50:49:730 INFO] IPv6 supported, port: 25565
[2022-05-11 16:50:50:556 INFO] Server started.
[2022-05-11 16:50:50:652 INFO] IPv4 supported, port: 19132
[2022-05-11 16:50:50:652 INFO] IPv6 supported, port: 19133
NO LOG FILE! - setting up server logging...
[2022-05-12 18:01:00:147 INFO] Starting Server
[2022-05-12 18:01:00:147 INFO] Version 1.18.30.04
[2022-05-12 18:01:00:147 INFO] Session ID 022eadda-669b-4ae3-968d-69ea6a08048a
[2022-05-12 18:01:00:166 INFO] Level Name: Timothy's UCI Dorm
[2022-05-12 18:01:00:186 INFO] Game mode: 2 Adventure
[2022-05-12 18:01:00:186 INFO] Difficulty: 2 NORMAL
[2022-05-12 18:01:02:022 INFO] Content logging enabled. Writing log to: ContentLog__Thursday__2022_May_12__18_01_02
[2022-05-12 18:01:02:028 INFO] opening worlds/Timothy's UCI Dorm/db
[2022-05-12 18:01:05:639 INFO] IPv4 supported, port: 25565
[2022-05-12 18:01:05:640 INFO] IPv6 supported, port: 25565
[2022-05-12 18:01:06:243 INFO] Server started.
[2022-05-12 18:01:06:335 INFO] IPv4 supported, port: 19132
[2022-05-12 18:01:06:335 INFO] IPv6 supported, port: 19133
NO LOG FILE! - setting up server logging...
[2022-05-13 15:00:51:487 INFO] Starting Server
[2022-05-13 15:00:51:488 INFO] Version 1.18.30.04
[2022-05-13 15:00:51:488 INFO] Session ID 8ac9ebab-e2e2-444b-a098-7f5b2a3a9b03
[2022-05-13 15:00:51:551 INFO] Level Name: Timothy's UCI Dorm
[2022-05-13 15:00:51:643 INFO] Game mode: 2 Adventure
[2022-05-13 15:00:51:643 INFO] Difficulty: 2 NORMAL
[2022-05-13 15:00:53:057 INFO] Content logging enabled. Writing log to: ContentLog__Friday__2022_May_13__15_00_53
[2022-05-13 15:00:53:095 INFO] opening worlds/Timothy's UCI Dorm/db
[2022-05-13 15:01:00:587 INFO] IPv4 supported, port: 25565
[2022-05-13 15:01:00:587 INFO] IPv6 supported, port: 25565
[2022-05-13 15:01:01:123 INFO] Server started.
[2022-05-13 15:01:01:183 INFO] IPv4 supported, port: 19132
[2022-05-13 15:01:01:183 INFO] IPv6 supported, port: 19133
NO LOG FILE! - setting up server logging...
[2022-05-14 15:00:55:937 INFO] Starting Server
[2022-05-14 15:00:55:937 INFO] Version 1.18.30.04
[2022-05-14 15:00:55:937 INFO] Session ID bcf77e6c-d396-4a3d-af3b-a2a3d5169667
[2022-05-14 15:00:55:946 INFO] Level Name: Timothy's UCI Dorm
[2022-05-14 15:00:55:964 INFO] Game mode: 2 Adventure
[2022-05-14 15:00:55:964 INFO] Difficulty: 2 NORMAL
[2022-05-14 15:00:56:357 INFO] Content logging enabled. Writing log to: ContentLog__Saturday__2022_May_14__15_00_56
[2022-05-14 15:00:56:390 INFO] opening worlds/Timothy's UCI Dorm/db
[2022-05-14 15:01:01:593 INFO] IPv4 supported, port: 25565
[2022-05-14 15:01:01:594 INFO] IPv6 supported, port: 25565
[2022-05-14 15:01:02:228 INFO] Server started.
[2022-05-14 15:01:02:299 INFO] IPv4 supported, port: 19132
[2022-05-14 15:01:02:300 INFO] IPv6 supported, port: 19133
NO LOG FILE! - setting up server logging...
[2022-05-15 15:00:55:294 INFO] Starting Server
[2022-05-15 15:00:55:294 INFO] Version 1.18.30.04
[2022-05-15 15:00:55:295 INFO] Session ID 9e8d2aad-19e4-4a2e-af25-0525ef8f055d
[2022-05-15 15:00:55:329 INFO] Level Name: Timothy's UCI Dorm
[2022-05-15 15:00:55:450 INFO] Game mode: 2 Adventure
[2022-05-15 15:00:55:450 INFO] Difficulty: 2 NORMAL
[2022-05-15 15:00:56:806 INFO] Content logging enabled. Writing log to: ContentLog__Sunday__2022_May_15__15_00_56
[2022-05-15 15:00:57:870 INFO] opening worlds/Timothy's UCI Dorm/db
[2022-05-15 15:01:01:690 INFO] IPv4 supported, port: 25565
[2022-05-15 15:01:01:691 INFO] IPv6 supported, port: 25565
[2022-05-15 15:01:02:277 INFO] Server started.
[2022-05-15 15:01:02:335 INFO] IPv4 supported, port: 19132
[2022-05-15 15:01:02:336 INFO] IPv6 supported, port: 19133
[2022-05-15 16:17:14:177 INFO] Player connected: almineaugustin, xuid: 2535439348415240
[2022-05-15 16:28:56:980 INFO] Running AutoCompaction...
[2022-05-15 16:38:00:926 INFO] Player connected: BobTD123, xuid: 2535416420269120
[2022-05-15 16:38:49:890 INFO] Running AutoCompaction...
[2022-05-15 16:51:32:617 INFO] Player disconnected: BobTD123, xuid: 2535416420269120
[2022-05-15 16:57:51:347 INFO] Player disconnected: almineaugustin, xuid: 2535439348415240
[2022-05-15 17:01:02:664 INFO] Running AutoCompaction...
[2022-05-15 17:07:02:695 INFO] Running AutoCompaction...
[2022-05-15 17:13:02:699 INFO] Running AutoCompaction...
[2022-05-15 17:19:02:717 INFO] Running AutoCompaction...
[2022-05-15 17:25:04:638 INFO] Running AutoCompaction...
[2022-05-15 17:31:04:646 INFO] Running AutoCompaction...
[2022-05-15 17:37:04:657 INFO] Running AutoCompaction...
[2022-05-15 17:43:04:664 INFO] Running AutoCompaction...
[2022-05-15 17:49:06:088 INFO] Running AutoCompaction...
[2022-05-15 17:55:06:100 INFO] Running AutoCompaction...
[2022-05-15 18:01:06:112 INFO] Running AutoCompaction...
[2022-05-15 18:07:06:123 INFO] Running AutoCompaction...
[2022-05-15 18:13:07:524 INFO] Running AutoCompaction...
[2022-05-15 18:19:07:538 INFO] Running AutoCompaction...
[2022-05-15 18:25:07:542 INFO] Running AutoCompaction...
[2022-05-15 18:31:07:545 INFO] Running AutoCompaction...
[2022-05-15 18:37:09:959 INFO] Running AutoCompaction...
[2022-05-15 18:43:09:967 INFO] Running AutoCompaction...
[2022-05-15 18:49:09:980 INFO] Running AutoCompaction...
[2022-05-15 18:55:09:990 INFO] Running AutoCompaction...
[2022-05-15 19:01:10:417 INFO] Running AutoCompaction...
[2022-05-15 19:07:10:427 INFO] Running AutoCompaction...
[2022-05-15 19:13:10:431 INFO] Running AutoCompaction...
[2022-05-15 19:19:10:434 INFO] Running AutoCompaction...
[2022-05-15 19:25:11:846 INFO] Running AutoCompaction...
[2022-05-15 19:31:11:861 INFO] Running AutoCompaction...
[2022-05-15 19:37:12:878 INFO] Running AutoCompaction...
[2022-05-15 19:43:12:891 INFO] Running AutoCompaction...
[2022-05-15 19:49:13:314 INFO] Running AutoCompaction...
[2022-05-15 19:55:13:327 INFO] Running AutoCompaction...
[2022-05-15 20:01:13:330 INFO] Running AutoCompaction...
[2022-05-15 20:07:13:338 INFO] Running AutoCompaction...
[2022-05-15 20:13:14:761 INFO] Running AutoCompaction...
[2022-05-15 20:19:14:769 INFO] Running AutoCompaction...
[2022-05-15 20:25:14:783 INFO] Running AutoCompaction...
[2022-05-15 20:31:14:792 INFO] Running AutoCompaction...
[2022-05-15 20:37:16:228 INFO] Running AutoCompaction...
[2022-05-15 20:43:16:245 INFO] Running AutoCompaction...
[2022-05-15 20:49:16:259 INFO] Running AutoCompaction...
[2022-05-15 20:55:16:273 INFO] Running AutoCompaction...
NO LOG FILE! - setting up server logging...
[2022-05-16 18:00:56:036 INFO] Starting Server
[2022-05-16 18:00:56:037 INFO] Version 1.18.30.04
[2022-05-16 18:00:56:037 INFO] Session ID f82401ac-bcad-40d3-b81c-7c3913e89df6
[2022-05-16 18:00:56:138 INFO] Level Name: Timothy's UCI Dorm
[2022-05-16 18:00:56:200 INFO] Game mode: 2 Adventure
[2022-05-16 18:00:56:201 INFO] Difficulty: 2 NORMAL
[2022-05-16 18:00:57:256 INFO] Content logging enabled. Writing log to: ContentLog__Monday__2022_May_16__18_00_57
[2022-05-16 18:00:57:262 INFO] opening worlds/Timothy's UCI Dorm/db
[2022-05-16 18:01:01:822 INFO] IPv4 supported, port: 25565
[2022-05-16 18:01:01:823 INFO] IPv6 supported, port: 25565
[2022-05-16 18:01:02:339 INFO] Server started.
[2022-05-16 18:01:02:402 INFO] IPv4 supported, port: 19132
[2022-05-16 18:01:02:402 INFO] IPv6 supported, port: 19133
NO LOG FILE! - setting up server logging...
[2022-05-17 18:00:56:561 INFO] Starting Server
[2022-05-17 18:00:56:562 INFO] Version 1.18.30.04
[2022-05-17 18:00:56:562 INFO] Session ID fedd3479-26f6-4a6e-98e0-54b0fc07bb8d
[2022-05-17 18:00:56:567 INFO] Level Name: Timothy's UCI Dorm
[2022-05-17 18:00:56:583 INFO] Game mode: 2 Adventure
[2022-05-17 18:00:56:583 INFO] Difficulty: 2 NORMAL
[2022-05-17 18:00:57:579 INFO] Content logging enabled. Writing log to: ContentLog__Tuesday__2022_May_17__18_00_57
[2022-05-17 18:00:57:586 INFO] opening worlds/Timothy's UCI Dorm/db
[2022-05-17 18:01:02:219 INFO] IPv4 supported, port: 25565
[2022-05-17 18:01:02:220 INFO] IPv6 supported, port: 25565
[2022-05-17 18:01:02:743 INFO] Server started.
[2022-05-17 18:01:02:812 INFO] IPv4 supported, port: 19132
[2022-05-17 18:01:02:812 INFO] IPv6 supported, port: 19133
NO LOG FILE! - setting up server logging...
[2022-05-18 18:00:55:417 INFO] Starting Server
[2022-05-18 18:00:55:417 INFO] Version 1.18.30.04
[2022-05-18 18:00:55:418 INFO] Session ID 16a0923e-7121-434d-b424-1fa48412748d
[2022-05-18 18:00:55:453 INFO] Level Name: Timothy's UCI Dorm
[2022-05-18 18:00:55:815 INFO] Game mode: 2 Adventure
[2022-05-18 18:00:55:816 INFO] Difficulty: 2 NORMAL
[2022-05-18 18:00:58:438 INFO] Content logging enabled. Writing log to: ContentLog__Wednesday__2022_May_18__18_00_58
[2022-05-18 18:00:58:444 INFO] opening worlds/Timothy's UCI Dorm/db
[2022-05-18 18:01:01:664 INFO] IPv4 supported, port: 25565
[2022-05-18 18:01:01:664 INFO] IPv6 supported, port: 25565
[2022-05-18 18:01:02:248 INFO] Server started.
[2022-05-18 18:01:02:323 INFO] IPv4 supported, port: 19132
[2022-05-18 18:01:02:324 INFO] IPv6 supported, port: 19133
NO LOG FILE! - setting up server logging...
[2022-05-19 18:00:51:732 INFO] Starting Server
[2022-05-19 18:00:51:732 INFO] Version 1.18.30.04
[2022-05-19 18:00:51:732 INFO] Session ID aa621024-bde5-437f-84fb-e6603724bcfa
[2022-05-19 18:00:51:738 INFO] Level Name: Timothy's UCI Dorm
[2022-05-19 18:00:51:758 INFO] Game mode: 2 Adventure
[2022-05-19 18:00:51:759 INFO] Difficulty: 2 NORMAL
[2022-05-19 18:00:55:936 INFO] Content logging enabled. Writing log to: ContentLog__Thursday__2022_May_19__18_00_55
[2022-05-19 18:00:55:957 INFO] opening worlds/Timothy's UCI Dorm/db
[2022-05-19 18:00:58:806 INFO] IPv4 supported, port: 25565
[2022-05-19 18:00:58:806 INFO] IPv6 supported, port: 25565
[2022-05-19 18:00:59:625 INFO] Server started.
[2022-05-19 18:00:59:658 INFO] IPv4 supported, port: 19132
[2022-05-19 18:00:59:658 INFO] IPv6 supported, port: 19133
NO LOG FILE! - setting up server logging...
[2022-05-20 15:00:54:341 INFO] Starting Server
[2022-05-20 15:00:54:341 INFO] Version 1.18.30.04
[2022-05-20 15:00:54:341 INFO] Session ID e24f36ce-30ae-4189-8b2a-3c09368398ca
[2022-05-20 15:00:54:412 INFO] Level Name: Timothy's UCI Dorm
[2022-05-20 15:00:54:457 INFO] Game mode: 2 Adventure
[2022-05-20 15:00:54:457 INFO] Difficulty: 2 NORMAL
[2022-05-20 15:00:55:216 INFO] Content logging enabled. Writing log to: ContentLog__Friday__2022_May_20__15_00_55
[2022-05-20 15:00:55:224 INFO] opening worlds/Timothy's UCI Dorm/db
[2022-05-20 15:00:58:626 INFO] IPv4 supported, port: 25565
[2022-05-20 15:00:58:626 INFO] IPv6 supported, port: 25565
[2022-05-20 15:00:59:116 INFO] Server started.
[2022-05-20 15:00:59:175 INFO] IPv4 supported, port: 19132
[2022-05-20 15:00:59:175 INFO] IPv6 supported, port: 19133
NO LOG FILE! - setting up server logging...
[2022-05-21 15:00:59:008 INFO] Starting Server
[2022-05-21 15:00:59:008 INFO] Version 1.18.30.04
[2022-05-21 15:00:59:009 INFO] Session ID ad643657-4a8b-4672-b520-f0b65341b3e3
[2022-05-21 15:00:59:013 INFO] Level Name: Timothy's UCI Dorm
[2022-05-21 15:00:59:027 INFO] Game mode: 2 Adventure
[2022-05-21 15:00:59:028 INFO] Difficulty: 2 NORMAL
[2022-05-21 15:00:59:614 INFO] Content logging enabled. Writing log to: ContentLog__Saturday__2022_May_21__15_00_59
[2022-05-21 15:00:59:620 INFO] opening worlds/Timothy's UCI Dorm/db
[2022-05-21 15:01:03:168 INFO] IPv4 supported, port: 25565
[2022-05-21 15:01:03:168 INFO] IPv6 supported, port: 25565
[2022-05-21 15:01:03:662 INFO] Server started.
[2022-05-21 15:01:03:732 INFO] IPv4 supported, port: 19132
[2022-05-21 15:01:03:732 INFO] IPv6 supported, port: 19133
NO LOG FILE! - setting up server logging...
[2022-05-22 15:00:54:961 INFO] Starting Server
[2022-05-22 15:00:54:961 INFO] Version 1.18.30.04
[2022-05-22 15:00:54:961 INFO] Session ID 2aa0a7ff-d8b2-4b70-b0d8-42414419eaef
[2022-05-22 15:00:54:984 INFO] Level Name: Timothy's UCI Dorm
[2022-05-22 15:00:54:003 INFO] Game mode: 2 Adventure
[2022-05-22 15:00:54:004 INFO] Difficulty: 2 NORMAL
[2022-05-22 15:00:56:921 INFO] Content logging enabled. Writing log to: ContentLog__Sunday__2022_May_22__15_00_56
[2022-05-22 15:00:56:930 INFO] opening worlds/Timothy's UCI Dorm/db
[2022-05-22 15:01:01:881 INFO] IPv4 supported, port: 25565
[2022-05-22 15:01:01:881 INFO] IPv6 supported, port: 25565
[2022-05-22 15:01:01:691 INFO] Server started.
[2022-05-22 15:01:01:752 INFO] IPv4 supported, port: 19132
[2022-05-22 15:01:01:753 INFO] IPv6 supported, port: 19133
NO LOG FILE! - setting up server logging...
[2022-05-23 18:00:56:834 INFO] Starting Server
[2022-05-23 18:00:56:834 INFO] Version 1.18.30.04
[2022-05-23 18:00:56:834 INFO] Session ID bfabc9e0-bfff-4518-a84e-057f0798d549
[2022-05-23 18:00:57:841 INFO] Level Name: Timothy's UCI Dorm
[2022-05-23 18:00:57:884 INFO] Game mode: 2 Adventure
[2022-05-23 18:00:57:884 INFO] Difficulty: 2 NORMAL
[2022-05-23 18:00:58:498 INFO] Content logging enabled. Writing log to: ContentLog__Monday__2022_May_23__18_00_58
[2022-05-23 18:00:58:505 INFO] opening worlds/Timothy's UCI Dorm/db
[2022-05-23 18:01:03:899 INFO] IPv4 supported, port: 25565
[2022-05-23 18:01:03:899 INFO] IPv6 supported, port: 25565
[2022-05-23 18:01:03:436 INFO] Server started.
[2022-05-23 18:01:03:507 INFO] IPv4 supported, port: 19132
[2022-05-23 18:01:03:508 INFO] IPv6 supported, port: 19133
NO LOG FILE! - setting up server logging...
[2022-05-24 18:00:56:664 INFO] Starting Server
[2022-05-24 18:00:56:664 INFO] Version 1.18.30.04
[2022-05-24 18:00:56:664 INFO] Session ID 363af60b-c25f-472e-a2cf-33f88f83d108
[2022-05-24 18:00:56:669 INFO] Level Name: Timothy's UCI Dorm
[2022-05-24 18:00:56:685 INFO] Game mode: 2 Adventure
[2022-05-24 18:00:56:685 INFO] Difficulty: 2 NORMAL
[2022-05-24 18:00:59:394 INFO] Content logging enabled. Writing log to: ContentLog__Tuesday__2022_May_24__18_00_59
[2022-05-24 18:00:59:400 INFO] opening worlds/Timothy's UCI Dorm/db
[2022-05-24 18:01:02:813 INFO] IPv4 supported, port: 25565
[2022-05-24 18:01:02:814 INFO] IPv6 supported, port: 25565
[2022-05-24 18:01:03:371 INFO] Server started.
[2022-05-24 18:01:03:440 INFO] IPv4 supported, port: 19132
[2022-05-24 18:01:03:440 INFO] IPv6 supported, port: 19133
NO LOG FILE! - setting up server logging...
[2022-05-25 18:00:56:390 INFO] Starting Server
[2022-05-25 18:00:56:390 INFO] Version 1.18.30.04
[2022-05-25 18:00:56:391 INFO] Session ID b7565ef1-c343-45c4-bb78-c88a1590da76
[2022-05-25 18:00:56:454 INFO] Level Name: Timothy's UCI Dorm
[2022-05-25 18:00:56:549 INFO] Game mode: 2 Adventure
[2022-05-25 18:00:56:549 INFO] Difficulty: 2 NORMAL
[2022-05-25 18:00:59:966 INFO] Content logging enabled. Writing log to: ContentLog__Wednesday__2022_May_25__18_00_59
[2022-05-25 18:00:59:975 INFO] opening worlds/Timothy's UCI Dorm/db
[2022-05-25 18:01:03:633 INFO] IPv4 supported, port: 25565
[2022-05-25 18:01:03:633 INFO] IPv6 supported, port: 25565
[2022-05-25 18:01:04:177 INFO] Server started.
[2022-05-25 18:01:04:271 INFO] IPv4 supported, port: 19132
[2022-05-25 18:01:04:271 INFO] IPv6 supported, port: 19133
NO LOG FILE! - setting up server logging...
[2022-05-26 18:00:56:357 INFO] Starting Server
[2022-05-26 18:00:56:357 INFO] Version 1.18.30.04
[2022-05-26 18:00:56:357 INFO] Session ID 660f716f-f458-4651-878d-6c0eb533454a
[2022-05-26 18:00:56:363 INFO] Level Name: Timothy's UCI Dorm
[2022-05-26 18:00:56:378 INFO] Game mode: 2 Adventure
[2022-05-26 18:00:56:378 INFO] Difficulty: 2 NORMAL
[2022-05-26 18:00:57:306 INFO] Content logging enabled. Writing log to: ContentLog__Thursday__2022_May_26__18_00_57
[2022-05-26 18:00:57:357 INFO] opening worlds/Timothy's UCI Dorm/db
[2022-05-26 18:01:02:523 INFO] IPv4 supported, port: 25565
[2022-05-26 18:01:02:523 INFO] IPv6 supported, port: 25565
[2022-05-26 18:01:03:135 INFO] Server started.
[2022-05-26 18:01:03:177 INFO] IPv4 supported, port: 19132
[2022-05-26 18:01:03:178 INFO] IPv6 supported, port: 19133
NO LOG FILE! - setting up server logging...
[2022-05-27 15:01:03:609 INFO] Starting Server
[2022-05-27 15:01:03:609 INFO] Version 1.18.30.04
[2022-05-27 15:01:03:609 INFO] Session ID bb15cfad-0c0d-4145-82cc-e7b544b2418e
[2022-05-27 15:01:03:614 INFO] Level Name: Timothy's UCI Dorm
[2022-05-27 15:01:03:762 INFO] Game mode: 2 Adventure
[2022-05-27 15:01:03:763 INFO] Difficulty: 2 NORMAL
[2022-05-27 15:01:05:193 INFO] Content logging enabled. Writing log to: ContentLog__Friday__2022_May_27__15_01_05
[2022-05-27 15:01:05:200 INFO] opening worlds/Timothy's UCI Dorm/db
[2022-05-27 15:01:08:872 INFO] IPv4 supported, port: 25565
[2022-05-27 15:01:08:872 INFO] IPv6 supported, port: 25565
[2022-05-27 15:01:08:453 INFO] Server started.
[2022-05-27 15:01:08:511 INFO] IPv4 supported, port: 19132
[2022-05-27 15:01:08:512 INFO] IPv6 supported, port: 19133
NO LOG FILE! - setting up server logging...
[2022-05-28 15:00:55:966 INFO] Starting Server
[2022-05-28 15:00:55:966 INFO] Version 1.18.30.04
[2022-05-28 15:00:55:967 INFO] Session ID 53485233-bf07-4d80-9a5a-9773877a554f
[2022-05-28 15:00:55:973 INFO] Level Name: Timothy's UCI Dorm
[2022-05-28 15:00:55:012 INFO] Game mode: 2 Adventure
[2022-05-28 15:00:55:013 INFO] Difficulty: 2 NORMAL
[2022-05-28 15:00:55:556 INFO] Content logging enabled. Writing log to: ContentLog__Saturday__2022_May_28__15_00_55
[2022-05-28 15:00:55:563 INFO] opening worlds/Timothy's UCI Dorm/db
[2022-05-28 15:01:01:028 INFO] IPv4 supported, port: 25565
[2022-05-28 15:01:01:029 INFO] IPv6 supported, port: 25565
[2022-05-28 15:01:01:530 INFO] Server started.
[2022-05-28 15:01:01:572 INFO] IPv4 supported, port: 19132
[2022-05-28 15:01:01:572 INFO] IPv6 supported, port: 19133
NO LOG FILE! - setting up server logging...
[2022-05-29 15:00:55:912 INFO] Starting Server
[2022-05-29 15:00:55:913 INFO] Version 1.18.30.04
[2022-05-29 15:00:55:913 INFO] Session ID 1c0a0607-41fb-434d-9ce5-fe8991de2b06
[2022-05-29 15:00:55:944 INFO] Level Name: Timothy's UCI Dorm
[2022-05-29 15:00:55:012 INFO] Game mode: 2 Adventure
[2022-05-29 15:00:55:012 INFO] Difficulty: 2 NORMAL
[2022-05-29 15:00:57:666 INFO] Content logging enabled. Writing log to: ContentLog__Sunday__2022_May_29__15_00_57
[2022-05-29 15:00:57:672 INFO] opening worlds/Timothy's UCI Dorm/db
[2022-05-29 15:01:03:401 INFO] IPv4 supported, port: 25565
[2022-05-29 15:01:03:402 INFO] IPv6 supported, port: 25565
[2022-05-29 15:01:04:982 INFO] Server started.
[2022-05-29 15:01:04:039 INFO] IPv4 supported, port: 19132
[2022-05-29 15:01:04:039 INFO] IPv6 supported, port: 19133
NO LOG FILE! - setting up server logging...
[2022-05-30 16:12:29:098 INFO] Starting Server
[2022-05-30 16:12:29:098 INFO] Version 1.18.30.04
[2022-05-30 16:12:29:099 INFO] Session ID 4a320b36-4e6f-43b0-a3f4-55f1698ad53c
[2022-05-30 16:12:29:104 INFO] Level Name: Timothy's UCI Dorm
[2022-05-30 16:12:29:257 INFO] Game mode: 2 Adventure
[2022-05-30 16:12:29:257 INFO] Difficulty: 2 NORMAL
[2022-05-30 16:12:31:195 INFO] Content logging enabled. Writing log to: ContentLog__Monday__2022_May_30__16_12_31
[2022-05-30 16:12:31:217 INFO] opening worlds/Timothy's UCI Dorm/db
[2022-05-30 16:12:36:380 INFO] IPv4 supported, port: 25565
[2022-05-30 16:12:36:381 INFO] IPv6 supported, port: 25565
[2022-05-30 16:12:37:007 INFO] Server started.
[2022-05-30 16:12:37:082 INFO] IPv4 supported, port: 19132
[2022-05-30 16:12:37:083 INFO] IPv6 supported, port: 19133
NO LOG FILE! - setting up server logging...
[2022-05-30 18:01:02:278 INFO] Starting Server
[2022-05-30 18:01:02:279 INFO] Version 1.18.30.04
[2022-05-30 18:01:02:279 INFO] Session ID 6e69fc23-f5e8-4586-9944-29301647fe57
[2022-05-30 18:01:02:284 INFO] Level Name: Timothy's UCI Dorm
[2022-05-30 18:01:02:326 INFO] Game mode: 2 Adventure
[2022-05-30 18:01:02:326 INFO] Difficulty: 2 NORMAL
[2022-05-30 18:01:14:853 INFO] Content logging enabled. Writing log to: ContentLog__Monday__2022_May_30__18_01_14
[2022-05-30 18:01:14:980 INFO] opening worlds/Timothy's UCI Dorm/db
[2022-05-30 18:01:58:022 INFO] IPv4 supported, port: 25565
[2022-05-30 18:01:58:022 INFO] IPv6 supported, port: 25565
[2022-05-30 18:01:59:854 INFO] Server started.
[2022-05-30 18:01:59:925 INFO] IPv4 supported, port: 19132
[2022-05-30 18:01:59:925 INFO] IPv6 supported, port: 19133
NO LOG FILE! - setting up server logging...
[2022-05-31 18:00:56:086 INFO] Starting Server
[2022-05-31 18:00:56:086 INFO] Version 1.18.30.04
[2022-05-31 18:00:56:087 INFO] Session ID 25b1cf4c-b869-4530-a093-b206d09bb5af
[2022-05-31 18:00:56:118 INFO] Level Name: Timothy's UCI Dorm
[2022-05-31 18:00:56:177 INFO] Game mode: 2 Adventure
[2022-05-31 18:00:56:178 INFO] Difficulty: 2 NORMAL
[2022-05-31 18:00:58:757 INFO] Content logging enabled. Writing log to: ContentLog__Tuesday__2022_May_31__18_00_58
[2022-05-31 18:00:58:763 INFO] opening worlds/Timothy's UCI Dorm/db
[2022-05-31 18:01:03:693 INFO] IPv4 supported, port: 25565
[2022-05-31 18:01:03:694 INFO] IPv6 supported, port: 25565
[2022-05-31 18:01:04:306 INFO] Server started.
[2022-05-31 18:01:04:365 INFO] IPv4 supported, port: 19132
[2022-05-31 18:01:04:365 INFO] IPv6 supported, port: 19133
NO LOG FILE! - setting up server logging...
[2022-06-01 18:00:57:752 INFO] Starting Server
[2022-06-01 18:00:57:752 INFO] Version 1.18.30.04
[2022-06-01 18:00:57:752 INFO] Session ID b3cbbe99-1761-4c52-8667-2b9ec1c9ec84
[2022-06-01 18:00:57:822 INFO] Level Name: Timothy's UCI Dorm
[2022-06-01 18:00:58:842 INFO] Game mode: 2 Adventure
[2022-06-01 18:00:58:843 INFO] Difficulty: 2 NORMAL
[2022-06-01 18:00:58:410 INFO] Content logging enabled. Writing log to: ContentLog__Wednesday__2022_June_01__18_00_58
[2022-06-01 18:00:58:416 INFO] opening worlds/Timothy's UCI Dorm/db
[2022-06-01 18:01:03:121 INFO] IPv4 supported, port: 25565
[2022-06-01 18:01:03:121 INFO] IPv6 supported, port: 25565
[2022-06-01 18:01:03:666 INFO] Server started.
[2022-06-01 18:01:03:734 INFO] IPv4 supported, port: 19132
[2022-06-01 18:01:03:735 INFO] IPv6 supported, port: 19133
NO LOG FILE! - setting up server logging...
[2022-06-02 18:00:54:196 INFO] Starting Server
[2022-06-02 18:00:54:197 INFO] Version 1.18.30.04
[2022-06-02 18:00:54:197 INFO] Session ID adb670f5-18c7-4c62-8ab0-2ac1b84ab868
[2022-06-02 18:00:54:228 INFO] Level Name: Timothy's UCI Dorm
[2022-06-02 18:00:54:295 INFO] Game mode: 2 Adventure
[2022-06-02 18:00:54:295 INFO] Difficulty: 2 NORMAL
[2022-06-02 18:00:55:044 INFO] Content logging enabled. Writing log to: ContentLog__Thursday__2022_June_02__18_00_55
[2022-06-02 18:00:55:051 INFO] opening worlds/Timothy's UCI Dorm/db
[2022-06-02 18:00:58:531 INFO] IPv4 supported, port: 25565
[2022-06-02 18:00:58:532 INFO] IPv6 supported, port: 25565
[2022-06-02 18:00:59:468 INFO] Server started.
[2022-06-02 18:00:59:534 INFO] IPv4 supported, port: 19132
[2022-06-02 18:00:59:534 INFO] IPv6 supported, port: 19133
NO LOG FILE! - setting up server logging...
[2022-06-03 15:01:03:352 INFO] Starting Server
[2022-06-03 15:01:03:352 INFO] Version 1.18.30.04
[2022-06-03 15:01:03:352 INFO] Session ID cdd63c7f-9d90-4c7e-8833-c07b69659fee
[2022-06-03 15:01:03:376 INFO] Level Name: Timothy's UCI Dorm
[2022-06-03 15:01:03:391 INFO] Game mode: 2 Adventure
[2022-06-03 15:01:03:391 INFO] Difficulty: 2 NORMAL
[2022-06-03 15:01:05:056 INFO] Content logging enabled. Writing log to: ContentLog__Friday__2022_June_03__15_01_05
[2022-06-03 15:01:05:122 INFO] opening worlds/Timothy's UCI Dorm/db
[2022-06-03 15:01:08:205 INFO] IPv4 supported, port: 25565
[2022-06-03 15:01:08:205 INFO] IPv6 supported, port: 25565
[2022-06-03 15:01:08:745 INFO] Server started.
[2022-06-03 15:01:08:815 INFO] IPv4 supported, port: 19132
[2022-06-03 15:01:08:816 INFO] IPv6 supported, port: 19133
NO LOG FILE! - setting up server logging...
[2022-06-04 15:00:57:256 INFO] Starting Server
[2022-06-04 15:00:57:256 INFO] Version 1.18.30.04
[2022-06-04 15:00:57:256 INFO] Session ID d33e80bc-5765-4d96-991c-ff0dcf171776
[2022-06-04 15:00:57:285 INFO] Level Name: Timothy's UCI Dorm
[2022-06-04 15:00:57:393 INFO] Game mode: 2 Adventure
[2022-06-04 15:00:57:393 INFO] Difficulty: 2 NORMAL
[2022-06-04 15:01:00:721 INFO] Content logging enabled. Writing log to: ContentLog__Saturday__2022_June_04__15_01_00
[2022-06-04 15:01:00:728 INFO] opening worlds/Timothy's UCI Dorm/db
[2022-06-04 15:01:05:932 INFO] IPv4 supported, port: 25565
[2022-06-04 15:01:05:933 INFO] IPv6 supported, port: 25565
[2022-06-04 15:01:05:420 INFO] Server started.
[2022-06-04 15:01:05:478 INFO] IPv4 supported, port: 19132
[2022-06-04 15:01:05:478 INFO] IPv6 supported, port: 19133
NO LOG FILE! - setting up server logging...
[2022-06-05 15:00:57:646 INFO] Starting Server
[2022-06-05 15:00:57:647 INFO] Version 1.18.30.04
[2022-06-05 15:00:57:647 INFO] Session ID 5e6b19c0-0a78-4315-ab81-1a025be857d2
[2022-06-05 15:00:57:652 INFO] Level Name: Timothy's UCI Dorm
[2022-06-05 15:00:57:667 INFO] Game mode: 2 Adventure
[2022-06-05 15:00:57:667 INFO] Difficulty: 2 NORMAL
[2022-06-05 15:00:59:984 INFO] Content logging enabled. Writing log to: ContentLog__Sunday__2022_June_05__15_00_59
[2022-06-05 15:00:59:991 INFO] opening worlds/Timothy's UCI Dorm/db
[2022-06-05 15:01:03:867 INFO] IPv4 supported, port: 25565
[2022-06-05 15:01:03:867 INFO] IPv6 supported, port: 25565
[2022-06-05 15:01:03:412 INFO] Server started.
[2022-06-05 15:01:03:473 INFO] IPv4 supported, port: 19132
[2022-06-05 15:01:03:474 INFO] IPv6 supported, port: 19133
NO LOG FILE! - setting up server logging...
[2022-06-06 18:00:56:971 INFO] Starting Server
[2022-06-06 18:00:56:971 INFO] Version 1.18.30.04
[2022-06-06 18:00:56:971 INFO] Session ID 9250b497-78b2-4e55-aded-fe7f2dd8bd30
[2022-06-06 18:00:56:007 INFO] Level Name: Timothy's UCI Dorm
[2022-06-06 18:00:56:449 INFO] Game mode: 2 Adventure
[2022-06-06 18:00:56:449 INFO] Difficulty: 2 NORMAL
[2022-06-06 18:00:58:748 INFO] Content logging enabled. Writing log to: ContentLog__Monday__2022_June_06__18_00_58
[2022-06-06 18:00:58:754 INFO] opening worlds/Timothy's UCI Dorm/db
[2022-06-06 18:01:03:740 INFO] IPv4 supported, port: 25565
[2022-06-06 18:01:03:741 INFO] IPv6 supported, port: 25565
[2022-06-06 18:01:04:660 INFO] Server started.
[2022-06-06 18:01:04:720 INFO] IPv4 supported, port: 19132
[2022-06-06 18:01:04:721 INFO] IPv6 supported, port: 19133
NO LOG FILE! - setting up server logging...
[2022-06-07 18:01:01:960 INFO] Starting Server
[2022-06-07 18:01:01:960 INFO] Version 1.18.30.04
[2022-06-07 18:01:01:960 INFO] Session ID 16d0ecb0-127a-468b-9d91-a50dcae34f8f
[2022-06-07 18:01:01:067 INFO] Level Name: Timothy's UCI Dorm
[2022-06-07 18:01:01:108 INFO] Game mode: 2 Adventure
[2022-06-07 18:01:01:108 INFO] Difficulty: 2 NORMAL
[2022-06-07 18:01:02:715 INFO] Content logging enabled. Writing log to: ContentLog__Tuesday__2022_June_07__18_01_02
[2022-06-07 18:01:02:722 INFO] opening worlds/Timothy's UCI Dorm/db
[2022-06-07 18:01:06:301 INFO] IPv4 supported, port: 25565
[2022-06-07 18:01:06:301 INFO] IPv6 supported, port: 25565
[2022-06-07 18:01:06:829 INFO] Server started.
[2022-06-07 18:01:07:881 INFO] IPv4 supported, port: 19132
[2022-06-07 18:01:07:882 INFO] IPv6 supported, port: 19133
NO LOG FILE! - setting up server logging...
[2022-06-08 18:00:48:774 INFO] Starting Server
[2022-06-08 18:00:48:774 INFO] Version 1.18.30.04
[2022-06-08 18:00:48:774 INFO] Session ID d71855b3-78b3-4b7c-831f-8ca8bca83d7d
[2022-06-08 18:00:48:806 INFO] Level Name: Timothy's UCI Dorm
[2022-06-08 18:00:49:880 INFO] Game mode: 2 Adventure
[2022-06-08 18:00:49:881 INFO] Difficulty: 2 NORMAL
[2022-06-08 18:00:57:645 INFO] Content logging enabled. Writing log to: ContentLog__Wednesday__2022_June_08__18_00_57
[2022-06-08 18:00:57:653 INFO] opening worlds/Timothy's UCI Dorm/db
[2022-06-08 18:01:02:688 INFO] IPv4 supported, port: 25565
[2022-06-08 18:01:02:689 INFO] IPv6 supported, port: 25565
[2022-06-08 18:01:03:267 INFO] Server started.
[2022-06-08 18:01:03:329 INFO] IPv4 supported, port: 19132
[2022-06-08 18:01:03:329 INFO] IPv6 supported, port: 19133
NO LOG FILE! - setting up server logging...
[2022-06-09 18:00:54:148 INFO] Starting Server
[2022-06-09 18:00:54:148 INFO] Version 1.18.30.04
[2022-06-09 18:00:54:148 INFO] Session ID e8a165e1-ab52-4c8f-8be6-a89ca6cedbbd
[2022-06-09 18:00:54:155 INFO] Level Name: Timothy's UCI Dorm
[2022-06-09 18:00:54:190 INFO] Game mode: 2 Adventure
[2022-06-09 18:00:54:191 INFO] Difficulty: 2 NORMAL
[2022-06-09 18:00:59:360 INFO] Content logging enabled. Writing log to: ContentLog__Thursday__2022_June_09__18_00_59
[2022-06-09 18:00:59:366 INFO] opening worlds/Timothy's UCI Dorm/db
[2022-06-09 18:01:04:952 INFO] IPv4 supported, port: 25565
[2022-06-09 18:01:04:952 INFO] IPv6 supported, port: 25565
[2022-06-09 18:01:04:516 INFO] Server started.
[2022-06-09 18:01:04:588 INFO] IPv4 supported, port: 19132
[2022-06-09 18:01:04:588 INFO] IPv6 supported, port: 19133
NO LOG FILE! - setting up server logging...
[2022-06-10 15:00:57:875 INFO] Starting Server
[2022-06-10 15:00:57:875 INFO] Version 1.18.30.04
[2022-06-10 15:00:57:875 INFO] Session ID b2592db3-3dff-425b-b8e6-4ed66faef538
[2022-06-10 15:00:57:902 INFO] Level Name: Timothy's UCI Dorm
[2022-06-10 15:00:57:960 INFO] Game mode: 2 Adventure
[2022-06-10 15:00:57:961 INFO] Difficulty: 2 NORMAL
[2022-06-10 15:00:57:809 INFO] Content logging enabled. Writing log to: ContentLog__Friday__2022_June_10__15_00_57
[2022-06-10 15:00:57:816 INFO] opening worlds/Timothy's UCI Dorm/db
[2022-06-10 15:01:02:171 INFO] IPv4 supported, port: 25565
[2022-06-10 15:01:02:171 INFO] IPv6 supported, port: 25565
[2022-06-10 15:01:02:691 INFO] Server started.
[2022-06-10 15:01:02:781 INFO] IPv4 supported, port: 19132
[2022-06-10 15:01:02:781 INFO] IPv6 supported, port: 19133
NO LOG FILE! - setting up server logging...
[2022-06-11 15:01:01:990 INFO] Starting Server
[2022-06-11 15:01:01:991 INFO] Version 1.18.30.04
[2022-06-11 15:01:01:991 INFO] Session ID 19a42eaa-f0e0-4bad-bde3-d19f8bb1e828
[2022-06-11 15:01:01:023 INFO] Level Name: Timothy's UCI Dorm
[2022-06-11 15:01:01:147 INFO] Game mode: 2 Adventure
[2022-06-11 15:01:01:147 INFO] Difficulty: 2 NORMAL
[2022-06-11 15:01:02:696 INFO] Content logging enabled. Writing log to: ContentLog__Saturday__2022_June_11__15_01_02
[2022-06-11 15:01:02:703 INFO] opening worlds/Timothy's UCI Dorm/db
[2022-06-11 15:01:06:652 INFO] IPv4 supported, port: 25565
[2022-06-11 15:01:06:652 INFO] IPv6 supported, port: 25565
[2022-06-11 15:01:07:250 INFO] Server started.
[2022-06-11 15:01:07:315 INFO] IPv4 supported, port: 19132
[2022-06-11 15:01:07:316 INFO] IPv6 supported, port: 19133
NO LOG FILE! - setting up server logging...
[2022-06-12 15:00:58:520 INFO] Starting Server
[2022-06-12 15:00:58:520 INFO] Version 1.18.30.04
[2022-06-12 15:00:58:520 INFO] Session ID 8d0e30d3-0a94-4e90-925d-0fd251697f61
[2022-06-12 15:00:58:526 INFO] Level Name: Timothy's UCI Dorm
[2022-06-12 15:00:58:540 INFO] Game mode: 2 Adventure
[2022-06-12 15:00:58:540 INFO] Difficulty: 2 NORMAL
[2022-06-12 15:00:59:402 INFO] Content logging enabled. Writing log to: ContentLog__Sunday__2022_June_12__15_00_59
[2022-06-12 15:00:59:408 INFO] opening worlds/Timothy's UCI Dorm/db
[2022-06-12 15:01:04:843 INFO] IPv4 supported, port: 25565
[2022-06-12 15:01:04:843 INFO] IPv6 supported, port: 25565
[2022-06-12 15:01:04:369 INFO] Server started.
[2022-06-12 15:01:04:450 INFO] IPv4 supported, port: 19132
[2022-06-12 15:01:04:450 INFO] IPv6 supported, port: 19133
NO LOG FILE! - setting up server logging...
[2022-06-12 19:08:07:122 INFO] Starting Server
[2022-06-12 19:08:07:123 INFO] Version 1.19.1.01
[2022-06-12 19:08:07:123 INFO] Session ID 5b2ec8ac-d97a-447c-b728-3eb4eedebb46
[2022-06-12 19:08:07:124 INFO] Level Name: Timothy's UCI Dorm
[2022-06-12 19:08:07:127 INFO] Game mode: 2 Adventure
[2022-06-12 19:08:07:127 INFO] Difficulty: 2 NORMAL
[2022-06-12 19:08:07:417 INFO] Content logging enabled. Writing log to: ContentLog__Sunday__2022_June_12__19_08_07
[2022-06-12 19:08:07:419 INFO] opening worlds/Timothy's UCI Dorm/db
[2022-06-12 19:08:09:222 INFO] IPv4 supported, port: 25565
[2022-06-12 19:08:09:222 INFO] IPv6 supported, port: 25565
[2022-06-12 19:08:10:745 INFO] Server started.
[2022-06-12 19:08:10:801 INFO] ================ TELEMETRY MESSAGE ===================
[2022-06-12 19:08:10:802 INFO] Server Telemetry is currently not enabled. 
[2022-06-12 19:08:10:802 INFO] Enabling this telemetry helps us improve the game.
[2022-06-12 19:08:10:802 INFO] 
[2022-06-12 19:08:10:803 INFO] To enable this feature, add the line 'emit-server-telemetry=true'
[2022-06-12 19:08:10:803 INFO] to the server.properties file in the handheld/src-server directory
[2022-06-12 19:08:10:803 INFO] ======================================================
[2022-06-12 19:08:10:817 INFO] IPv4 supported, port: 19132
[2022-06-12 19:08:10:817 INFO] IPv6 supported, port: 19133
NO LOG FILE! - setting up server logging...
[2022-06-12 21:02:05:905 INFO] Starting Server
[2022-06-12 21:02:05:906 INFO] Version 1.19.1.01
[2022-06-12 21:02:05:906 INFO] Session ID e84b6928-d03c-4f5b-a356-74fea947a0f3
[2022-06-12 21:02:05:047 INFO] Level Name: Timothy's UCI Dorm
[2022-06-12 21:02:05:126 INFO] Game mode: 2 Adventure
[2022-06-12 21:02:05:126 INFO] Difficulty: 2 NORMAL
[2022-06-12 21:02:09:785 INFO] Content logging enabled. Writing log to: ContentLog__Sunday__2022_June_12__21_02_09
[2022-06-12 21:02:09:801 INFO] opening worlds/Timothy's UCI Dorm/db
[2022-06-12 21:02:16:580 INFO] IPv4 supported, port: 25565
[2022-06-12 21:02:16:581 INFO] IPv6 supported, port: 25565
[2022-06-12 21:02:17:164 INFO] Server started.
[2022-06-12 21:02:17:227 INFO] ================ TELEMETRY MESSAGE ===================
[2022-06-12 21:02:17:227 INFO] IPv4 supported, port: 19132
[2022-06-12 21:02:17:227 INFO] Server Telemetry is currently not enabled. 
[2022-06-12 21:02:17:228 INFO] Enabling this telemetry helps us improve the game.
[2022-06-12 21:02:17:228 INFO] 
[2022-06-12 21:02:17:229 INFO] To enable this feature, add the line 'emit-server-telemetry=true'
[2022-06-12 21:02:17:229 INFO] to the server.properties file in the handheld/src-server directory
[2022-06-12 21:02:17:229 INFO] ======================================================
[2022-06-12 21:02:17:228 INFO] IPv6 supported, port: 19133
NO LOG FILE! - setting up server logging...
[2022-06-13 18:01:06:766 INFO] Starting Server
[2022-06-13 18:01:06:768 INFO] Version 1.19.1.01
[2022-06-13 18:01:06:769 INFO] Session ID 0fb369b4-589c-4eb5-9343-88d53b51c0ce
[2022-06-13 18:01:06:778 INFO] Level Name: Timothy's UCI Dorm
[2022-06-13 18:01:06:803 INFO] Game mode: 2 Adventure
[2022-06-13 18:01:06:804 INFO] Difficulty: 2 NORMAL
[2022-06-13 18:01:17:280 INFO] Content logging enabled. Writing log to: ContentLog__Monday__2022_June_13__18_01_17
[2022-06-13 18:01:17:290 INFO] opening worlds/Timothy's UCI Dorm/db
[2022-06-13 18:01:24:190 INFO] IPv4 supported, port: 25565
[2022-06-13 18:01:24:191 INFO] IPv6 supported, port: 25565
[2022-06-13 18:01:25:886 INFO] Server started.
[2022-06-13 18:01:25:943 INFO] ================ TELEMETRY MESSAGE ===================
[2022-06-13 18:01:25:943 INFO] IPv4 supported, port: 19132
[2022-06-13 18:01:25:943 INFO] Server Telemetry is currently not enabled. 
[2022-06-13 18:01:25:943 INFO] IPv6 supported, port: 19133
[2022-06-13 18:01:25:944 INFO] Enabling this telemetry helps us improve the game.
[2022-06-13 18:01:25:944 INFO] 
[2022-06-13 18:01:25:945 INFO] To enable this feature, add the line 'emit-server-telemetry=true'
[2022-06-13 18:01:25:945 INFO] to the server.properties file in the handheld/src-server directory
[2022-06-13 18:01:25:946 INFO] ======================================================
NO LOG FILE! - setting up server logging...
[2022-06-14 18:01:04:246 INFO] Starting Server
[2022-06-14 18:01:04:247 INFO] Version 1.19.1.01
[2022-06-14 18:01:04:248 INFO] Session ID fd638a13-8bcb-4cf8-a7b2-15cec88a409e
[2022-06-14 18:01:04:293 INFO] Level Name: Timothy's UCI Dorm
[2022-06-14 18:01:04:450 INFO] Game mode: 2 Adventure
[2022-06-14 18:01:04:450 INFO] Difficulty: 2 NORMAL
[2022-06-14 18:01:07:549 INFO] Content logging enabled. Writing log to: ContentLog__Tuesday__2022_June_14__18_01_07
[2022-06-14 18:01:07:625 INFO] opening worlds/Timothy's UCI Dorm/db
[2022-06-14 18:01:12:945 INFO] IPv4 supported, port: 25565
[2022-06-14 18:01:12:945 INFO] IPv6 supported, port: 25565
[2022-06-14 18:01:12:603 INFO] Server started.
[2022-06-14 18:01:12:666 INFO] ================ TELEMETRY MESSAGE ===================
[2022-06-14 18:01:12:666 INFO] IPv4 supported, port: 19132
[2022-06-14 18:01:12:666 INFO] Server Telemetry is currently not enabled. 
[2022-06-14 18:01:12:666 INFO] IPv6 supported, port: 19133
[2022-06-14 18:01:12:667 INFO] Enabling this telemetry helps us improve the game.
[2022-06-14 18:01:12:668 INFO] 
[2022-06-14 18:01:12:668 INFO] To enable this feature, add the line 'emit-server-telemetry=true'
[2022-06-14 18:01:12:668 INFO] to the server.properties file in the handheld/src-server directory
[2022-06-14 18:01:12:669 INFO] ======================================================
NO LOG FILE! - setting up server logging...
[2022-06-15 18:01:19:864 INFO] Starting Server
[2022-06-15 18:01:19:865 INFO] Version 1.19.1.01
[2022-06-15 18:01:19:865 INFO] Session ID 7b43a7c0-8581-4b4b-b99d-a41512475f78
[2022-06-15 18:01:19:872 INFO] Level Name: Timothy's UCI Dorm
[2022-06-15 18:01:19:942 INFO] Game mode: 2 Adventure
[2022-06-15 18:01:19:942 INFO] Difficulty: 2 NORMAL
[2022-06-15 18:01:21:189 INFO] Content logging enabled. Writing log to: ContentLog__Wednesday__2022_June_15__18_01_21
[2022-06-15 18:01:21:199 INFO] opening worlds/Timothy's UCI Dorm/db
[2022-06-15 18:01:26:333 INFO] IPv4 supported, port: 25565
[2022-06-15 18:01:26:333 INFO] IPv6 supported, port: 25565
[2022-06-15 18:01:34:746 INFO] Server started.
[2022-06-15 18:01:34:824 INFO] ================ TELEMETRY MESSAGE ===================
[2022-06-15 18:01:34:824 INFO] Server Telemetry is currently not enabled. 
[2022-06-15 18:01:34:824 INFO] Enabling this telemetry helps us improve the game.
[2022-06-15 18:01:34:825 INFO] 
[2022-06-15 18:01:34:825 INFO] To enable this feature, add the line 'emit-server-telemetry=true'
[2022-06-15 18:01:34:825 INFO] to the server.properties file in the handheld/src-server directory
[2022-06-15 18:01:34:826 INFO] ======================================================
[2022-06-15 18:01:37:957 INFO] IPv4 supported, port: 19132
[2022-06-15 18:01:37:957 INFO] IPv6 supported, port: 19133
NO LOG FILE! - setting up server logging...
[2022-06-16 18:00:49:553 INFO] Starting Server
[2022-06-16 18:00:49:554 INFO] Version 1.19.1.01
[2022-06-16 18:00:49:554 INFO] Session ID 12c9a794-00f5-490d-b11a-1d383f716aa2
[2022-06-16 18:00:49:561 INFO] Level Name: Timothy's UCI Dorm
[2022-06-16 18:00:49:592 INFO] Game mode: 2 Adventure
[2022-06-16 18:00:49:593 INFO] Difficulty: 2 NORMAL
[2022-06-16 18:00:55:174 INFO] Content logging enabled. Writing log to: ContentLog__Thursday__2022_June_16__18_00_55
[2022-06-16 18:00:55:187 INFO] opening worlds/Timothy's UCI Dorm/db
[2022-06-16 18:01:02:583 INFO] IPv4 supported, port: 25565
[2022-06-16 18:01:02:584 INFO] IPv6 supported, port: 25565
[2022-06-16 18:01:03:499 INFO] Server started.
[2022-06-16 18:01:03:544 INFO] IPv4 supported, port: 19132
[2022-06-16 18:01:03:544 INFO] IPv6 supported, port: 19133
[2022-06-16 18:01:03:560 INFO] ================ TELEMETRY MESSAGE ===================
[2022-06-16 18:01:03:561 INFO] Server Telemetry is currently not enabled. 
[2022-06-16 18:01:03:561 INFO] Enabling this telemetry helps us improve the game.
[2022-06-16 18:01:03:562 INFO] 
[2022-06-16 18:01:03:562 INFO] To enable this feature, add the line 'emit-server-telemetry=true'
[2022-06-16 18:01:03:563 INFO] to the server.properties file in the handheld/src-server directory
[2022-06-16 18:01:03:563 INFO] ======================================================
NO LOG FILE! - setting up server logging...
[2022-06-17 15:00:53:734 INFO] Starting Server
[2022-06-17 15:00:53:735 INFO] Version 1.19.1.01
[2022-06-17 15:00:53:735 INFO] Session ID 00c5fd0f-cbd5-4c35-9c35-236093f73513
[2022-06-17 15:00:54:858 INFO] Level Name: Timothy's UCI Dorm
[2022-06-17 15:00:54:050 INFO] Game mode: 2 Adventure
[2022-06-17 15:00:54:050 INFO] Difficulty: 2 NORMAL
[2022-06-17 15:00:58:915 INFO] Content logging enabled. Writing log to: ContentLog__Friday__2022_June_17__15_00_58
[2022-06-17 15:00:58:924 INFO] opening worlds/Timothy's UCI Dorm/db
[2022-06-17 15:01:02:652 INFO] IPv4 supported, port: 25565
[2022-06-17 15:01:02:652 INFO] IPv6 supported, port: 25565
[2022-06-17 15:01:03:165 INFO] Server started.
[2022-06-17 15:01:03:214 INFO] IPv4 supported, port: 19132
[2022-06-17 15:01:03:214 INFO] IPv6 supported, port: 19133
[2022-06-17 15:01:03:229 INFO] ================ TELEMETRY MESSAGE ===================
[2022-06-17 15:01:03:229 INFO] Server Telemetry is currently not enabled. 
[2022-06-17 15:01:03:230 INFO] Enabling this telemetry helps us improve the game.
[2022-06-17 15:01:03:230 INFO] 
[2022-06-17 15:01:03:230 INFO] To enable this feature, add the line 'emit-server-telemetry=true'
[2022-06-17 15:01:03:231 INFO] to the server.properties file in the handheld/src-server directory
[2022-06-17 15:01:03:231 INFO] ======================================================
NO LOG FILE! - setting up server logging...
[2022-06-19 19:18:50:126 INFO] Starting Server
[2022-06-19 19:18:50:143 INFO] Version 1.19.1.01
[2022-06-19 19:18:50:143 INFO] Session ID c76bd1eb-67a6-427a-a67d-04543532a57f
[2022-06-19 19:18:50:168 INFO] Level Name: Timothy's UCI Dorm
[2022-06-19 19:18:50:209 INFO] Game mode: 2 Adventure
[2022-06-19 19:18:50:209 INFO] Difficulty: 2 NORMAL
[2022-06-19 19:18:54:779 INFO] Content logging enabled. Writing log to: ContentLog__Sunday__2022_June_19__19_18_54
[2022-06-19 19:18:54:788 INFO] opening worlds/Timothy's UCI Dorm/db
[2022-06-19 19:19:00:841 INFO] IPv4 supported, port: 25565
[2022-06-19 19:19:00:842 INFO] IPv6 supported, port: 25565
[2022-06-19 19:19:00:677 INFO] Server started.
[2022-06-19 19:19:00:733 INFO] ================ TELEMETRY MESSAGE ===================
[2022-06-19 19:19:00:734 INFO] Server Telemetry is currently not enabled. 
[2022-06-19 19:19:00:734 INFO] Enabling this telemetry helps us improve the game.
[2022-06-19 19:19:00:734 INFO] 
[2022-06-19 19:19:00:735 INFO] To enable this feature, add the line 'emit-server-telemetry=true'
[2022-06-19 19:19:00:735 INFO] to the server.properties file in the handheld/src-server directory
[2022-06-19 19:19:00:735 INFO] ======================================================
[2022-06-19 19:19:00:749 INFO] IPv4 supported, port: 19132
[2022-06-19 19:19:00:750 INFO] IPv6 supported, port: 19133
NO LOG FILE! - setting up server logging...
[2022-06-19 20:03:24:618 INFO] Starting Server
[2022-06-19 20:03:24:619 INFO] Version 1.19.1.01
[2022-06-19 20:03:24:619 INFO] Session ID 41efdd64-62b5-432f-a4c6-fe0f945d20b1
[2022-06-19 20:03:24:620 INFO] Level Name: Timothy's UCI Dorm
[2022-06-19 20:03:24:623 INFO] Game mode: 2 Adventure
[2022-06-19 20:03:24:623 INFO] Difficulty: 2 NORMAL
[2022-06-19 20:03:24:902 INFO] Content logging enabled. Writing log to: ContentLog__Sunday__2022_June_19__20_03_24
[2022-06-19 20:03:24:903 INFO] opening worlds/Timothy's UCI Dorm/db
[2022-06-19 20:03:26:611 INFO] IPv4 supported, port: 25565
[2022-06-19 20:03:26:612 INFO] IPv6 supported, port: 25565
[2022-06-19 20:03:26:149 INFO] Server started.
[2022-06-19 20:03:26:207 INFO] ================ TELEMETRY MESSAGE ===================
[2022-06-19 20:03:26:208 INFO] Server Telemetry is currently not enabled. 
[2022-06-19 20:03:26:208 INFO] Enabling this telemetry helps us improve the game.
[2022-06-19 20:03:26:209 INFO] 
[2022-06-19 20:03:26:210 INFO] To enable this feature, add the line 'emit-server-telemetry=true'
[2022-06-19 20:03:26:211 INFO] to the server.properties file in the handheld/src-server directory
[2022-06-19 20:03:26:212 INFO] ======================================================
[2022-06-19 20:03:26:222 INFO] IPv4 supported, port: 19132
[2022-06-19 20:03:26:222 INFO] IPv6 supported, port: 19133
[2022-06-19 20:07:35:437 INFO] Server stop requested.
[2022-06-19 20:07:35:471 INFO] Stopping server...
Quit correctly
